2025-05-15 09:50:28,360 - Chatbot Log - INFO - Fetching chat history for user: Udt024ytXcVrhXu09qHRVJXgg1c2
2025-05-15 09:50:28,360 - Chatbot Log - INFO - Fetching chat history for user: Udt024ytXcVrhXu09qHRVJXgg1c2
2025-05-15 09:50:28,360 - Chatbot Log - INFO - Fetching chat history for user: Udt024ytXcVrhXu09qHRVJXgg1c2
2025-05-15 09:50:28,360 - Chatbot Log - INFO - Fetching chat history for user: Udt024ytXcVrhXu09qHRVJXgg1c2
2025-05-15 09:50:28,360 - Chatbot Log - INFO - Fetching chat history for user: Udt024ytXcVrhXu09qHRVJXgg1c2
2025-05-15 09:50:28,360 - Chatbot Log - INFO - Fetching chat history for user: Udt024ytXcVrhXu09qHRVJXgg1c2
2025-05-15 09:50:28,360 - Chatbot Log - INFO - Fetching chat history for user: Udt024ytXcVrhXu09qHRVJXgg1c2
2025-05-15 09:50:28,904 - Chatbot Log - INFO - Chat history fetched successfully for user: Udt024ytXcVrhXu09qHRVJXgg1c2
2025-05-15 09:50:28,904 - Chatbot Log - INFO - Chat history fetched successfully for user: Udt024ytXcVrhXu09qHRVJXgg1c2
2025-05-15 09:50:28,904 - Chatbot Log - INFO - Chat history fetched successfully for user: Udt024ytXcVrhXu09qHRVJXgg1c2
2025-05-15 09:50:28,904 - Chatbot Log - INFO - Chat history fetched successfully for user: Udt024ytXcVrhXu09qHRVJXgg1c2
2025-05-15 09:50:28,904 - Chatbot Log - INFO - Chat history fetched successfully for user: Udt024ytXcVrhXu09qHRVJXgg1c2
2025-05-15 09:50:28,904 - Chatbot Log - INFO - Chat history fetched successfully for user: Udt024ytXcVrhXu09qHRVJXgg1c2
2025-05-15 09:50:28,904 - Chatbot Log - INFO - Chat history fetched successfully for user: Udt024ytXcVrhXu09qHRVJXgg1c2
2025-05-15 09:50:29,053 - Chatbot Log - INFO - Fetching chat messages for session: 68349c73-4f4d-4853-8f32-2640a0cdf848 for user: Udt024ytXcVrhXu09qHRVJXgg1c2
2025-05-15 09:50:29,053 - Chatbot Log - INFO - Fetching chat messages for session: 68349c73-4f4d-4853-8f32-2640a0cdf848 for user: Udt024ytXcVrhXu09qHRVJXgg1c2
2025-05-15 09:50:29,053 - Chatbot Log - INFO - Fetching chat messages for session: 68349c73-4f4d-4853-8f32-2640a0cdf848 for user: Udt024ytXcVrhXu09qHRVJXgg1c2
2025-05-15 09:50:29,053 - Chatbot Log - INFO - Fetching chat messages for session: 68349c73-4f4d-4853-8f32-2640a0cdf848 for user: Udt024ytXcVrhXu09qHRVJXgg1c2
2025-05-15 09:50:29,053 - Chatbot Log - INFO - Fetching chat messages for session: 68349c73-4f4d-4853-8f32-2640a0cdf848 for user: Udt024ytXcVrhXu09qHRVJXgg1c2
2025-05-15 09:50:29,053 - Chatbot Log - INFO - Fetching chat messages for session: 68349c73-4f4d-4853-8f32-2640a0cdf848 for user: Udt024ytXcVrhXu09qHRVJXgg1c2
2025-05-15 09:50:29,053 - Chatbot Log - INFO - Fetching chat messages for session: 68349c73-4f4d-4853-8f32-2640a0cdf848 for user: Udt024ytXcVrhXu09qHRVJXgg1c2
2025-05-15 09:50:29,053 - Chatbot Log - WARNING - Chat session not found: 68349c73-4f4d-4853-8f32-2640a0cdf848 for user: Udt024ytXcVrhXu09qHRVJXgg1c2
2025-05-15 09:50:29,053 - Chatbot Log - WARNING - Chat session not found: 68349c73-4f4d-4853-8f32-2640a0cdf848 for user: Udt024ytXcVrhXu09qHRVJXgg1c2
2025-05-15 09:50:29,053 - Chatbot Log - WARNING - Chat session not found: 68349c73-4f4d-4853-8f32-2640a0cdf848 for user: Udt024ytXcVrhXu09qHRVJXgg1c2
2025-05-15 09:50:29,053 - Chatbot Log - WARNING - Chat session not found: 68349c73-4f4d-4853-8f32-2640a0cdf848 for user: Udt024ytXcVrhXu09qHRVJXgg1c2
2025-05-15 09:50:29,053 - Chatbot Log - WARNING - Chat session not found: 68349c73-4f4d-4853-8f32-2640a0cdf848 for user: Udt024ytXcVrhXu09qHRVJXgg1c2
2025-05-15 09:50:29,053 - Chatbot Log - WARNING - Chat session not found: 68349c73-4f4d-4853-8f32-2640a0cdf848 for user: Udt024ytXcVrhXu09qHRVJXgg1c2
2025-05-15 09:50:29,053 - Chatbot Log - WARNING - Chat session not found: 68349c73-4f4d-4853-8f32-2640a0cdf848 for user: Udt024ytXcVrhXu09qHRVJXgg1c2
2025-05-15 09:50:29,053 - Chatbot Log - ERROR - Error fetching chat messages for session 68349c73-4f4d-4853-8f32-2640a0cdf848 for user Udt024ytXcVrhXu09qHRVJXgg1c2: 404: Chat not found
2025-05-15 09:50:29,053 - Chatbot Log - ERROR - Error fetching chat messages for session 68349c73-4f4d-4853-8f32-2640a0cdf848 for user Udt024ytXcVrhXu09qHRVJXgg1c2: 404: Chat not found
2025-05-15 09:50:29,053 - Chatbot Log - ERROR - Error fetching chat messages for session 68349c73-4f4d-4853-8f32-2640a0cdf848 for user Udt024ytXcVrhXu09qHRVJXgg1c2: 404: Chat not found
2025-05-15 09:50:29,053 - Chatbot Log - ERROR - Error fetching chat messages for session 68349c73-4f4d-4853-8f32-2640a0cdf848 for user Udt024ytXcVrhXu09qHRVJXgg1c2: 404: Chat not found
2025-05-15 09:50:29,053 - Chatbot Log - ERROR - Error fetching chat messages for session 68349c73-4f4d-4853-8f32-2640a0cdf848 for user Udt024ytXcVrhXu09qHRVJXgg1c2: 404: Chat not found
2025-05-15 09:50:29,053 - Chatbot Log - ERROR - Error fetching chat messages for session 68349c73-4f4d-4853-8f32-2640a0cdf848 for user Udt024ytXcVrhXu09qHRVJXgg1c2: 404: Chat not found
2025-05-15 09:50:29,053 - Chatbot Log - ERROR - Error fetching chat messages for session 68349c73-4f4d-4853-8f32-2640a0cdf848 for user Udt024ytXcVrhXu09qHRVJXgg1c2: 404: Chat not found
2025-05-15 09:50:30,928 - Chatbot Log - INFO - Initial questions fetched for chat option: General Macroeconomics
2025-05-15 09:50:30,928 - Chatbot Log - INFO - Initial questions fetched for chat option: General Macroeconomics
2025-05-15 09:50:30,928 - Chatbot Log - INFO - Initial questions fetched for chat option: General Macroeconomics
2025-05-15 09:50:30,928 - Chatbot Log - INFO - Initial questions fetched for chat option: General Macroeconomics
2025-05-15 09:50:30,928 - Chatbot Log - INFO - Initial questions fetched for chat option: General Macroeconomics
2025-05-15 09:50:30,928 - Chatbot Log - INFO - Initial questions fetched for chat option: General Macroeconomics
2025-05-15 09:50:30,928 - Chatbot Log - INFO - Initial questions fetched for chat option: General Macroeconomics
2025-05-15 09:51:08,726 - Chatbot Log - INFO - Fetching chat history for user: Udt024ytXcVrhXu09qHRVJXgg1c2
2025-05-15 09:51:08,726 - Chatbot Log - INFO - Fetching chat history for user: Udt024ytXcVrhXu09qHRVJXgg1c2
2025-05-15 09:51:08,726 - Chatbot Log - INFO - Fetching chat history for user: Udt024ytXcVrhXu09qHRVJXgg1c2
2025-05-15 09:51:08,726 - Chatbot Log - INFO - Fetching chat history for user: Udt024ytXcVrhXu09qHRVJXgg1c2
2025-05-15 09:51:08,726 - Chatbot Log - INFO - Fetching chat history for user: Udt024ytXcVrhXu09qHRVJXgg1c2
2025-05-15 09:51:08,726 - Chatbot Log - INFO - Fetching chat history for user: Udt024ytXcVrhXu09qHRVJXgg1c2
2025-05-15 09:51:08,726 - Chatbot Log - INFO - Fetching chat history for user: Udt024ytXcVrhXu09qHRVJXgg1c2
2025-05-15 09:51:08,812 - Chatbot Log - INFO - Chat history fetched successfully for user: Udt024ytXcVrhXu09qHRVJXgg1c2
2025-05-15 09:51:08,812 - Chatbot Log - INFO - Chat history fetched successfully for user: Udt024ytXcVrhXu09qHRVJXgg1c2
2025-05-15 09:51:08,812 - Chatbot Log - INFO - Chat history fetched successfully for user: Udt024ytXcVrhXu09qHRVJXgg1c2
2025-05-15 09:51:08,812 - Chatbot Log - INFO - Chat history fetched successfully for user: Udt024ytXcVrhXu09qHRVJXgg1c2
2025-05-15 09:51:08,812 - Chatbot Log - INFO - Chat history fetched successfully for user: Udt024ytXcVrhXu09qHRVJXgg1c2
2025-05-15 09:51:08,812 - Chatbot Log - INFO - Chat history fetched successfully for user: Udt024ytXcVrhXu09qHRVJXgg1c2
2025-05-15 09:51:08,812 - Chatbot Log - INFO - Chat history fetched successfully for user: Udt024ytXcVrhXu09qHRVJXgg1c2
2025-05-15 09:51:08,953 - Chatbot Log - INFO - Fetching chat messages for session: 0f659fae-f7fb-44fe-936a-5d6c2ce60729 for user: Udt024ytXcVrhXu09qHRVJXgg1c2
2025-05-15 09:51:08,953 - Chatbot Log - INFO - Fetching chat messages for session: 0f659fae-f7fb-44fe-936a-5d6c2ce60729 for user: Udt024ytXcVrhXu09qHRVJXgg1c2
2025-05-15 09:51:08,953 - Chatbot Log - INFO - Fetching chat messages for session: 0f659fae-f7fb-44fe-936a-5d6c2ce60729 for user: Udt024ytXcVrhXu09qHRVJXgg1c2
2025-05-15 09:51:08,953 - Chatbot Log - INFO - Fetching chat messages for session: 0f659fae-f7fb-44fe-936a-5d6c2ce60729 for user: Udt024ytXcVrhXu09qHRVJXgg1c2
2025-05-15 09:51:08,953 - Chatbot Log - INFO - Fetching chat messages for session: 0f659fae-f7fb-44fe-936a-5d6c2ce60729 for user: Udt024ytXcVrhXu09qHRVJXgg1c2
2025-05-15 09:51:08,953 - Chatbot Log - INFO - Fetching chat messages for session: 0f659fae-f7fb-44fe-936a-5d6c2ce60729 for user: Udt024ytXcVrhXu09qHRVJXgg1c2
2025-05-15 09:51:08,953 - Chatbot Log - INFO - Fetching chat messages for session: 0f659fae-f7fb-44fe-936a-5d6c2ce60729 for user: Udt024ytXcVrhXu09qHRVJXgg1c2
2025-05-15 09:51:08,953 - Chatbot Log - WARNING - Chat session not found: 0f659fae-f7fb-44fe-936a-5d6c2ce60729 for user: Udt024ytXcVrhXu09qHRVJXgg1c2
2025-05-15 09:51:08,953 - Chatbot Log - WARNING - Chat session not found: 0f659fae-f7fb-44fe-936a-5d6c2ce60729 for user: Udt024ytXcVrhXu09qHRVJXgg1c2
2025-05-15 09:51:08,953 - Chatbot Log - WARNING - Chat session not found: 0f659fae-f7fb-44fe-936a-5d6c2ce60729 for user: Udt024ytXcVrhXu09qHRVJXgg1c2
2025-05-15 09:51:08,953 - Chatbot Log - WARNING - Chat session not found: 0f659fae-f7fb-44fe-936a-5d6c2ce60729 for user: Udt024ytXcVrhXu09qHRVJXgg1c2
2025-05-15 09:51:08,953 - Chatbot Log - WARNING - Chat session not found: 0f659fae-f7fb-44fe-936a-5d6c2ce60729 for user: Udt024ytXcVrhXu09qHRVJXgg1c2
2025-05-15 09:51:08,953 - Chatbot Log - WARNING - Chat session not found: 0f659fae-f7fb-44fe-936a-5d6c2ce60729 for user: Udt024ytXcVrhXu09qHRVJXgg1c2
2025-05-15 09:51:08,953 - Chatbot Log - WARNING - Chat session not found: 0f659fae-f7fb-44fe-936a-5d6c2ce60729 for user: Udt024ytXcVrhXu09qHRVJXgg1c2
2025-05-15 09:51:08,962 - Chatbot Log - ERROR - Error fetching chat messages for session 0f659fae-f7fb-44fe-936a-5d6c2ce60729 for user Udt024ytXcVrhXu09qHRVJXgg1c2: 404: Chat not found
2025-05-15 09:51:08,962 - Chatbot Log - ERROR - Error fetching chat messages for session 0f659fae-f7fb-44fe-936a-5d6c2ce60729 for user Udt024ytXcVrhXu09qHRVJXgg1c2: 404: Chat not found
2025-05-15 09:51:08,962 - Chatbot Log - ERROR - Error fetching chat messages for session 0f659fae-f7fb-44fe-936a-5d6c2ce60729 for user Udt024ytXcVrhXu09qHRVJXgg1c2: 404: Chat not found
2025-05-15 09:51:08,962 - Chatbot Log - ERROR - Error fetching chat messages for session 0f659fae-f7fb-44fe-936a-5d6c2ce60729 for user Udt024ytXcVrhXu09qHRVJXgg1c2: 404: Chat not found
2025-05-15 09:51:08,962 - Chatbot Log - ERROR - Error fetching chat messages for session 0f659fae-f7fb-44fe-936a-5d6c2ce60729 for user Udt024ytXcVrhXu09qHRVJXgg1c2: 404: Chat not found
2025-05-15 09:51:08,962 - Chatbot Log - ERROR - Error fetching chat messages for session 0f659fae-f7fb-44fe-936a-5d6c2ce60729 for user Udt024ytXcVrhXu09qHRVJXgg1c2: 404: Chat not found
2025-05-15 09:51:08,962 - Chatbot Log - ERROR - Error fetching chat messages for session 0f659fae-f7fb-44fe-936a-5d6c2ce60729 for user Udt024ytXcVrhXu09qHRVJXgg1c2: 404: Chat not found
2025-05-15 09:51:10,765 - Chatbot Log - INFO - Initial questions fetched for chat option: General Macroeconomics
2025-05-15 09:51:10,765 - Chatbot Log - INFO - Initial questions fetched for chat option: General Macroeconomics
2025-05-15 09:51:10,765 - Chatbot Log - INFO - Initial questions fetched for chat option: General Macroeconomics
2025-05-15 09:51:10,765 - Chatbot Log - INFO - Initial questions fetched for chat option: General Macroeconomics
2025-05-15 09:51:10,765 - Chatbot Log - INFO - Initial questions fetched for chat option: General Macroeconomics
2025-05-15 09:51:10,765 - Chatbot Log - INFO - Initial questions fetched for chat option: General Macroeconomics
2025-05-15 09:51:10,765 - Chatbot Log - INFO - Initial questions fetched for chat option: General Macroeconomics
2025-05-15 09:51:19,276 - Chatbot Log - INFO - User login attempt: zuhdi
2025-05-15 09:51:19,276 - Chatbot Log - INFO - User login attempt: zuhdi
2025-05-15 09:51:19,276 - Chatbot Log - INFO - User login attempt: zuhdi
2025-05-15 09:51:19,276 - Chatbot Log - INFO - User login attempt: zuhdi
2025-05-15 09:51:19,276 - Chatbot Log - INFO - User login attempt: zuhdi
2025-05-15 09:51:19,276 - Chatbot Log - INFO - User login attempt: zuhdi
2025-05-15 09:51:19,276 - Chatbot Log - INFO - User login attempt: zuhdi
2025-05-15 09:51:19,292 - Chatbot Log - INFO - User found: zuhdi@gmail.com
2025-05-15 09:51:19,292 - Chatbot Log - INFO - User found: zuhdi@gmail.com
2025-05-15 09:51:19,292 - Chatbot Log - INFO - User found: zuhdi@gmail.com
2025-05-15 09:51:19,292 - Chatbot Log - INFO - User found: zuhdi@gmail.com
2025-05-15 09:51:19,292 - Chatbot Log - INFO - User found: zuhdi@gmail.com
2025-05-15 09:51:19,292 - Chatbot Log - INFO - User found: zuhdi@gmail.com
2025-05-15 09:51:19,292 - Chatbot Log - INFO - User found: zuhdi@gmail.com
2025-05-15 09:51:19,738 - Chatbot Log - INFO - Custom token created for user: Udt024ytXcVrhXu09qHRVJXgg1c2
2025-05-15 09:51:19,738 - Chatbot Log - INFO - Custom token created for user: Udt024ytXcVrhXu09qHRVJXgg1c2
2025-05-15 09:51:19,738 - Chatbot Log - INFO - Custom token created for user: Udt024ytXcVrhXu09qHRVJXgg1c2
2025-05-15 09:51:19,738 - Chatbot Log - INFO - Custom token created for user: Udt024ytXcVrhXu09qHRVJXgg1c2
2025-05-15 09:51:19,738 - Chatbot Log - INFO - Custom token created for user: Udt024ytXcVrhXu09qHRVJXgg1c2
2025-05-15 09:51:19,738 - Chatbot Log - INFO - Custom token created for user: Udt024ytXcVrhXu09qHRVJXgg1c2
2025-05-15 09:51:19,738 - Chatbot Log - INFO - Custom token created for user: Udt024ytXcVrhXu09qHRVJXgg1c2
2025-05-15 09:51:22,295 - Chatbot Log - INFO - Fetching chat history for user: Udt024ytXcVrhXu09qHRVJXgg1c2
2025-05-15 09:51:22,295 - Chatbot Log - INFO - Fetching chat history for user: Udt024ytXcVrhXu09qHRVJXgg1c2
2025-05-15 09:51:22,295 - Chatbot Log - INFO - Fetching chat history for user: Udt024ytXcVrhXu09qHRVJXgg1c2
2025-05-15 09:51:22,295 - Chatbot Log - INFO - Fetching chat history for user: Udt024ytXcVrhXu09qHRVJXgg1c2
2025-05-15 09:51:22,295 - Chatbot Log - INFO - Fetching chat history for user: Udt024ytXcVrhXu09qHRVJXgg1c2
2025-05-15 09:51:22,295 - Chatbot Log - INFO - Fetching chat history for user: Udt024ytXcVrhXu09qHRVJXgg1c2
2025-05-15 09:51:22,295 - Chatbot Log - INFO - Fetching chat history for user: Udt024ytXcVrhXu09qHRVJXgg1c2
2025-05-15 09:51:22,388 - Chatbot Log - INFO - Chat history fetched successfully for user: Udt024ytXcVrhXu09qHRVJXgg1c2
2025-05-15 09:51:22,388 - Chatbot Log - INFO - Chat history fetched successfully for user: Udt024ytXcVrhXu09qHRVJXgg1c2
2025-05-15 09:51:22,388 - Chatbot Log - INFO - Chat history fetched successfully for user: Udt024ytXcVrhXu09qHRVJXgg1c2
2025-05-15 09:51:22,388 - Chatbot Log - INFO - Chat history fetched successfully for user: Udt024ytXcVrhXu09qHRVJXgg1c2
2025-05-15 09:51:22,388 - Chatbot Log - INFO - Chat history fetched successfully for user: Udt024ytXcVrhXu09qHRVJXgg1c2
2025-05-15 09:51:22,388 - Chatbot Log - INFO - Chat history fetched successfully for user: Udt024ytXcVrhXu09qHRVJXgg1c2
2025-05-15 09:51:22,388 - Chatbot Log - INFO - Chat history fetched successfully for user: Udt024ytXcVrhXu09qHRVJXgg1c2
2025-05-15 09:51:24,123 - Chatbot Log - INFO - Initial questions fetched for chat option: General Macroeconomics
2025-05-15 09:51:24,123 - Chatbot Log - INFO - Initial questions fetched for chat option: General Macroeconomics
2025-05-15 09:51:24,123 - Chatbot Log - INFO - Initial questions fetched for chat option: General Macroeconomics
2025-05-15 09:51:24,123 - Chatbot Log - INFO - Initial questions fetched for chat option: General Macroeconomics
2025-05-15 09:51:24,123 - Chatbot Log - INFO - Initial questions fetched for chat option: General Macroeconomics
2025-05-15 09:51:24,123 - Chatbot Log - INFO - Initial questions fetched for chat option: General Macroeconomics
2025-05-15 09:51:24,123 - Chatbot Log - INFO - Initial questions fetched for chat option: General Macroeconomics
2025-05-15 09:51:25,822 - Chatbot Log - INFO - Initial questions fetched for chat option: General Macroeconomics
2025-05-15 09:51:25,822 - Chatbot Log - INFO - Initial questions fetched for chat option: General Macroeconomics
2025-05-15 09:51:25,822 - Chatbot Log - INFO - Initial questions fetched for chat option: General Macroeconomics
2025-05-15 09:51:25,822 - Chatbot Log - INFO - Initial questions fetched for chat option: General Macroeconomics
2025-05-15 09:51:25,822 - Chatbot Log - INFO - Initial questions fetched for chat option: General Macroeconomics
2025-05-15 09:51:25,822 - Chatbot Log - INFO - Initial questions fetched for chat option: General Macroeconomics
2025-05-15 09:51:25,822 - Chatbot Log - INFO - Initial questions fetched for chat option: General Macroeconomics
2025-05-15 09:54:43,538 - Chatbot Log - INFO - User login attempt: akmal
2025-05-15 09:54:43,538 - Chatbot Log - INFO - User login attempt: akmal
2025-05-15 09:54:43,538 - Chatbot Log - INFO - User login attempt: akmal
2025-05-15 09:54:43,538 - Chatbot Log - INFO - User login attempt: akmal
2025-05-15 09:54:43,538 - Chatbot Log - INFO - User login attempt: akmal
2025-05-15 09:54:43,538 - Chatbot Log - INFO - User login attempt: akmal
2025-05-15 09:54:43,538 - Chatbot Log - INFO - User login attempt: akmal
2025-05-15 09:54:43,538 - Chatbot Log - INFO - User found: akmal@gmail.com
2025-05-15 09:54:43,538 - Chatbot Log - INFO - User found: akmal@gmail.com
2025-05-15 09:54:43,538 - Chatbot Log - INFO - User found: akmal@gmail.com
2025-05-15 09:54:43,538 - Chatbot Log - INFO - User found: akmal@gmail.com
2025-05-15 09:54:43,538 - Chatbot Log - INFO - User found: akmal@gmail.com
2025-05-15 09:54:43,538 - Chatbot Log - INFO - User found: akmal@gmail.com
2025-05-15 09:54:43,538 - Chatbot Log - INFO - User found: akmal@gmail.com
2025-05-15 09:54:43,872 - Chatbot Log - INFO - Custom token created for user: MZl75nA53EeO3ZzSFbNXM8PtV3A2
2025-05-15 09:54:43,872 - Chatbot Log - INFO - Custom token created for user: MZl75nA53EeO3ZzSFbNXM8PtV3A2
2025-05-15 09:54:43,872 - Chatbot Log - INFO - Custom token created for user: MZl75nA53EeO3ZzSFbNXM8PtV3A2
2025-05-15 09:54:43,872 - Chatbot Log - INFO - Custom token created for user: MZl75nA53EeO3ZzSFbNXM8PtV3A2
2025-05-15 09:54:43,872 - Chatbot Log - INFO - Custom token created for user: MZl75nA53EeO3ZzSFbNXM8PtV3A2
2025-05-15 09:54:43,872 - Chatbot Log - INFO - Custom token created for user: MZl75nA53EeO3ZzSFbNXM8PtV3A2
2025-05-15 09:54:43,872 - Chatbot Log - INFO - Custom token created for user: MZl75nA53EeO3ZzSFbNXM8PtV3A2
2025-05-15 09:54:46,367 - Chatbot Log - INFO - Fetching chat history for user: MZl75nA53EeO3ZzSFbNXM8PtV3A2
2025-05-15 09:54:46,367 - Chatbot Log - INFO - Fetching chat history for user: MZl75nA53EeO3ZzSFbNXM8PtV3A2
2025-05-15 09:54:46,367 - Chatbot Log - INFO - Fetching chat history for user: MZl75nA53EeO3ZzSFbNXM8PtV3A2
2025-05-15 09:54:46,367 - Chatbot Log - INFO - Fetching chat history for user: MZl75nA53EeO3ZzSFbNXM8PtV3A2
2025-05-15 09:54:46,367 - Chatbot Log - INFO - Fetching chat history for user: MZl75nA53EeO3ZzSFbNXM8PtV3A2
2025-05-15 09:54:46,367 - Chatbot Log - INFO - Fetching chat history for user: MZl75nA53EeO3ZzSFbNXM8PtV3A2
2025-05-15 09:54:46,367 - Chatbot Log - INFO - Fetching chat history for user: MZl75nA53EeO3ZzSFbNXM8PtV3A2
2025-05-15 09:54:46,473 - Chatbot Log - INFO - Chat history fetched successfully for user: MZl75nA53EeO3ZzSFbNXM8PtV3A2
2025-05-15 09:54:46,473 - Chatbot Log - INFO - Chat history fetched successfully for user: MZl75nA53EeO3ZzSFbNXM8PtV3A2
2025-05-15 09:54:46,473 - Chatbot Log - INFO - Chat history fetched successfully for user: MZl75nA53EeO3ZzSFbNXM8PtV3A2
2025-05-15 09:54:46,473 - Chatbot Log - INFO - Chat history fetched successfully for user: MZl75nA53EeO3ZzSFbNXM8PtV3A2
2025-05-15 09:54:46,473 - Chatbot Log - INFO - Chat history fetched successfully for user: MZl75nA53EeO3ZzSFbNXM8PtV3A2
2025-05-15 09:54:46,473 - Chatbot Log - INFO - Chat history fetched successfully for user: MZl75nA53EeO3ZzSFbNXM8PtV3A2
2025-05-15 09:54:46,473 - Chatbot Log - INFO - Chat history fetched successfully for user: MZl75nA53EeO3ZzSFbNXM8PtV3A2
2025-05-15 09:54:48,262 - Chatbot Log - INFO - Initial questions fetched for chat option: General Macroeconomics
2025-05-15 09:54:48,262 - Chatbot Log - INFO - Initial questions fetched for chat option: General Macroeconomics
2025-05-15 09:54:48,262 - Chatbot Log - INFO - Initial questions fetched for chat option: General Macroeconomics
2025-05-15 09:54:48,262 - Chatbot Log - INFO - Initial questions fetched for chat option: General Macroeconomics
2025-05-15 09:54:48,262 - Chatbot Log - INFO - Initial questions fetched for chat option: General Macroeconomics
2025-05-15 09:54:48,262 - Chatbot Log - INFO - Initial questions fetched for chat option: General Macroeconomics
2025-05-15 09:54:48,262 - Chatbot Log - INFO - Initial questions fetched for chat option: General Macroeconomics
2025-05-15 09:54:49,788 - Chatbot Log - INFO - Initial questions fetched for chat option: General Macroeconomics
2025-05-15 09:54:49,788 - Chatbot Log - INFO - Initial questions fetched for chat option: General Macroeconomics
2025-05-15 09:54:49,788 - Chatbot Log - INFO - Initial questions fetched for chat option: General Macroeconomics
2025-05-15 09:54:49,788 - Chatbot Log - INFO - Initial questions fetched for chat option: General Macroeconomics
2025-05-15 09:54:49,788 - Chatbot Log - INFO - Initial questions fetched for chat option: General Macroeconomics
2025-05-15 09:54:49,788 - Chatbot Log - INFO - Initial questions fetched for chat option: General Macroeconomics
2025-05-15 09:54:49,788 - Chatbot Log - INFO - Initial questions fetched for chat option: General Macroeconomics
2025-05-15 09:55:19,309 - Chatbot Log - INFO - User login attempt: akmal
2025-05-15 09:55:19,309 - Chatbot Log - INFO - User login attempt: akmal
2025-05-15 09:55:19,309 - Chatbot Log - INFO - User login attempt: akmal
2025-05-15 09:55:19,309 - Chatbot Log - INFO - User login attempt: akmal
2025-05-15 09:55:19,309 - Chatbot Log - INFO - User login attempt: akmal
2025-05-15 09:55:19,309 - Chatbot Log - INFO - User login attempt: akmal
2025-05-15 09:55:19,309 - Chatbot Log - INFO - User login attempt: akmal
2025-05-15 09:55:19,309 - Chatbot Log - INFO - User found: akmal@gmail.com
2025-05-15 09:55:19,309 - Chatbot Log - INFO - User found: akmal@gmail.com
2025-05-15 09:55:19,309 - Chatbot Log - INFO - User found: akmal@gmail.com
2025-05-15 09:55:19,309 - Chatbot Log - INFO - User found: akmal@gmail.com
2025-05-15 09:55:19,309 - Chatbot Log - INFO - User found: akmal@gmail.com
2025-05-15 09:55:19,309 - Chatbot Log - INFO - User found: akmal@gmail.com
2025-05-15 09:55:19,309 - Chatbot Log - INFO - User found: akmal@gmail.com
2025-05-15 09:55:19,655 - Chatbot Log - INFO - Custom token created for user: MZl75nA53EeO3ZzSFbNXM8PtV3A2
2025-05-15 09:55:19,655 - Chatbot Log - INFO - Custom token created for user: MZl75nA53EeO3ZzSFbNXM8PtV3A2
2025-05-15 09:55:19,655 - Chatbot Log - INFO - Custom token created for user: MZl75nA53EeO3ZzSFbNXM8PtV3A2
2025-05-15 09:55:19,655 - Chatbot Log - INFO - Custom token created for user: MZl75nA53EeO3ZzSFbNXM8PtV3A2
2025-05-15 09:55:19,655 - Chatbot Log - INFO - Custom token created for user: MZl75nA53EeO3ZzSFbNXM8PtV3A2
2025-05-15 09:55:19,655 - Chatbot Log - INFO - Custom token created for user: MZl75nA53EeO3ZzSFbNXM8PtV3A2
2025-05-15 09:55:19,655 - Chatbot Log - INFO - Custom token created for user: MZl75nA53EeO3ZzSFbNXM8PtV3A2
2025-05-15 09:55:25,219 - Chatbot Log - INFO - Fetching chat history for user: MZl75nA53EeO3ZzSFbNXM8PtV3A2
2025-05-15 09:55:25,219 - Chatbot Log - INFO - Fetching chat history for user: MZl75nA53EeO3ZzSFbNXM8PtV3A2
2025-05-15 09:55:25,219 - Chatbot Log - INFO - Fetching chat history for user: MZl75nA53EeO3ZzSFbNXM8PtV3A2
2025-05-15 09:55:25,219 - Chatbot Log - INFO - Fetching chat history for user: MZl75nA53EeO3ZzSFbNXM8PtV3A2
2025-05-15 09:55:25,219 - Chatbot Log - INFO - Fetching chat history for user: MZl75nA53EeO3ZzSFbNXM8PtV3A2
2025-05-15 09:55:25,219 - Chatbot Log - INFO - Fetching chat history for user: MZl75nA53EeO3ZzSFbNXM8PtV3A2
2025-05-15 09:55:25,219 - Chatbot Log - INFO - Fetching chat history for user: MZl75nA53EeO3ZzSFbNXM8PtV3A2
2025-05-15 09:55:25,301 - Chatbot Log - INFO - Chat history fetched successfully for user: MZl75nA53EeO3ZzSFbNXM8PtV3A2
2025-05-15 09:55:25,301 - Chatbot Log - INFO - Chat history fetched successfully for user: MZl75nA53EeO3ZzSFbNXM8PtV3A2
2025-05-15 09:55:25,301 - Chatbot Log - INFO - Chat history fetched successfully for user: MZl75nA53EeO3ZzSFbNXM8PtV3A2
2025-05-15 09:55:25,301 - Chatbot Log - INFO - Chat history fetched successfully for user: MZl75nA53EeO3ZzSFbNXM8PtV3A2
2025-05-15 09:55:25,301 - Chatbot Log - INFO - Chat history fetched successfully for user: MZl75nA53EeO3ZzSFbNXM8PtV3A2
2025-05-15 09:55:25,301 - Chatbot Log - INFO - Chat history fetched successfully for user: MZl75nA53EeO3ZzSFbNXM8PtV3A2
2025-05-15 09:55:25,301 - Chatbot Log - INFO - Chat history fetched successfully for user: MZl75nA53EeO3ZzSFbNXM8PtV3A2
2025-05-15 09:55:27,147 - Chatbot Log - INFO - Initial questions fetched for chat option: General Macroeconomics
2025-05-15 09:55:27,147 - Chatbot Log - INFO - Initial questions fetched for chat option: General Macroeconomics
2025-05-15 09:55:27,147 - Chatbot Log - INFO - Initial questions fetched for chat option: General Macroeconomics
2025-05-15 09:55:27,147 - Chatbot Log - INFO - Initial questions fetched for chat option: General Macroeconomics
2025-05-15 09:55:27,147 - Chatbot Log - INFO - Initial questions fetched for chat option: General Macroeconomics
2025-05-15 09:55:27,147 - Chatbot Log - INFO - Initial questions fetched for chat option: General Macroeconomics
2025-05-15 09:55:27,147 - Chatbot Log - INFO - Initial questions fetched for chat option: General Macroeconomics
2025-05-15 09:55:28,804 - Chatbot Log - INFO - Initial questions fetched for chat option: General Macroeconomics
2025-05-15 09:55:28,804 - Chatbot Log - INFO - Initial questions fetched for chat option: General Macroeconomics
2025-05-15 09:55:28,804 - Chatbot Log - INFO - Initial questions fetched for chat option: General Macroeconomics
2025-05-15 09:55:28,804 - Chatbot Log - INFO - Initial questions fetched for chat option: General Macroeconomics
2025-05-15 09:55:28,804 - Chatbot Log - INFO - Initial questions fetched for chat option: General Macroeconomics
2025-05-15 09:55:28,804 - Chatbot Log - INFO - Initial questions fetched for chat option: General Macroeconomics
2025-05-15 09:55:28,804 - Chatbot Log - INFO - Initial questions fetched for chat option: General Macroeconomics
2025-05-15 09:58:07,841 - Chatbot Log - INFO - Fetching chat history for user: MZl75nA53EeO3ZzSFbNXM8PtV3A2
2025-05-15 09:58:07,841 - Chatbot Log - INFO - Fetching chat history for user: MZl75nA53EeO3ZzSFbNXM8PtV3A2
2025-05-15 09:58:07,841 - Chatbot Log - INFO - Fetching chat history for user: MZl75nA53EeO3ZzSFbNXM8PtV3A2
2025-05-15 09:58:07,841 - Chatbot Log - INFO - Fetching chat history for user: MZl75nA53EeO3ZzSFbNXM8PtV3A2
2025-05-15 09:58:07,841 - Chatbot Log - INFO - Fetching chat history for user: MZl75nA53EeO3ZzSFbNXM8PtV3A2
2025-05-15 09:58:07,841 - Chatbot Log - INFO - Fetching chat history for user: MZl75nA53EeO3ZzSFbNXM8PtV3A2
2025-05-15 09:58:07,841 - Chatbot Log - INFO - Fetching chat history for user: MZl75nA53EeO3ZzSFbNXM8PtV3A2
2025-05-15 09:58:07,937 - Chatbot Log - INFO - Chat history fetched successfully for user: MZl75nA53EeO3ZzSFbNXM8PtV3A2
2025-05-15 09:58:07,937 - Chatbot Log - INFO - Chat history fetched successfully for user: MZl75nA53EeO3ZzSFbNXM8PtV3A2
2025-05-15 09:58:07,937 - Chatbot Log - INFO - Chat history fetched successfully for user: MZl75nA53EeO3ZzSFbNXM8PtV3A2
2025-05-15 09:58:07,937 - Chatbot Log - INFO - Chat history fetched successfully for user: MZl75nA53EeO3ZzSFbNXM8PtV3A2
2025-05-15 09:58:07,937 - Chatbot Log - INFO - Chat history fetched successfully for user: MZl75nA53EeO3ZzSFbNXM8PtV3A2
2025-05-15 09:58:07,937 - Chatbot Log - INFO - Chat history fetched successfully for user: MZl75nA53EeO3ZzSFbNXM8PtV3A2
2025-05-15 09:58:07,937 - Chatbot Log - INFO - Chat history fetched successfully for user: MZl75nA53EeO3ZzSFbNXM8PtV3A2
2025-05-15 09:58:08,080 - Chatbot Log - INFO - Fetching chat messages for session: 1b17c6b7-2215-4473-b82f-3349e41d44a7 for user: MZl75nA53EeO3ZzSFbNXM8PtV3A2
2025-05-15 09:58:08,080 - Chatbot Log - INFO - Fetching chat messages for session: 1b17c6b7-2215-4473-b82f-3349e41d44a7 for user: MZl75nA53EeO3ZzSFbNXM8PtV3A2
2025-05-15 09:58:08,080 - Chatbot Log - INFO - Fetching chat messages for session: 1b17c6b7-2215-4473-b82f-3349e41d44a7 for user: MZl75nA53EeO3ZzSFbNXM8PtV3A2
2025-05-15 09:58:08,080 - Chatbot Log - INFO - Fetching chat messages for session: 1b17c6b7-2215-4473-b82f-3349e41d44a7 for user: MZl75nA53EeO3ZzSFbNXM8PtV3A2
2025-05-15 09:58:08,080 - Chatbot Log - INFO - Fetching chat messages for session: 1b17c6b7-2215-4473-b82f-3349e41d44a7 for user: MZl75nA53EeO3ZzSFbNXM8PtV3A2
2025-05-15 09:58:08,080 - Chatbot Log - INFO - Fetching chat messages for session: 1b17c6b7-2215-4473-b82f-3349e41d44a7 for user: MZl75nA53EeO3ZzSFbNXM8PtV3A2
2025-05-15 09:58:08,080 - Chatbot Log - INFO - Fetching chat messages for session: 1b17c6b7-2215-4473-b82f-3349e41d44a7 for user: MZl75nA53EeO3ZzSFbNXM8PtV3A2
2025-05-15 09:58:08,080 - Chatbot Log - WARNING - Chat session not found: 1b17c6b7-2215-4473-b82f-3349e41d44a7 for user: MZl75nA53EeO3ZzSFbNXM8PtV3A2
2025-05-15 09:58:08,080 - Chatbot Log - WARNING - Chat session not found: 1b17c6b7-2215-4473-b82f-3349e41d44a7 for user: MZl75nA53EeO3ZzSFbNXM8PtV3A2
2025-05-15 09:58:08,080 - Chatbot Log - WARNING - Chat session not found: 1b17c6b7-2215-4473-b82f-3349e41d44a7 for user: MZl75nA53EeO3ZzSFbNXM8PtV3A2
2025-05-15 09:58:08,080 - Chatbot Log - WARNING - Chat session not found: 1b17c6b7-2215-4473-b82f-3349e41d44a7 for user: MZl75nA53EeO3ZzSFbNXM8PtV3A2
2025-05-15 09:58:08,080 - Chatbot Log - WARNING - Chat session not found: 1b17c6b7-2215-4473-b82f-3349e41d44a7 for user: MZl75nA53EeO3ZzSFbNXM8PtV3A2
2025-05-15 09:58:08,080 - Chatbot Log - WARNING - Chat session not found: 1b17c6b7-2215-4473-b82f-3349e41d44a7 for user: MZl75nA53EeO3ZzSFbNXM8PtV3A2
2025-05-15 09:58:08,080 - Chatbot Log - WARNING - Chat session not found: 1b17c6b7-2215-4473-b82f-3349e41d44a7 for user: MZl75nA53EeO3ZzSFbNXM8PtV3A2
2025-05-15 09:58:08,086 - Chatbot Log - ERROR - Error fetching chat messages for session 1b17c6b7-2215-4473-b82f-3349e41d44a7 for user MZl75nA53EeO3ZzSFbNXM8PtV3A2: 404: Chat not found
2025-05-15 09:58:08,086 - Chatbot Log - ERROR - Error fetching chat messages for session 1b17c6b7-2215-4473-b82f-3349e41d44a7 for user MZl75nA53EeO3ZzSFbNXM8PtV3A2: 404: Chat not found
2025-05-15 09:58:08,086 - Chatbot Log - ERROR - Error fetching chat messages for session 1b17c6b7-2215-4473-b82f-3349e41d44a7 for user MZl75nA53EeO3ZzSFbNXM8PtV3A2: 404: Chat not found
2025-05-15 09:58:08,086 - Chatbot Log - ERROR - Error fetching chat messages for session 1b17c6b7-2215-4473-b82f-3349e41d44a7 for user MZl75nA53EeO3ZzSFbNXM8PtV3A2: 404: Chat not found
2025-05-15 09:58:08,086 - Chatbot Log - ERROR - Error fetching chat messages for session 1b17c6b7-2215-4473-b82f-3349e41d44a7 for user MZl75nA53EeO3ZzSFbNXM8PtV3A2: 404: Chat not found
2025-05-15 09:58:08,086 - Chatbot Log - ERROR - Error fetching chat messages for session 1b17c6b7-2215-4473-b82f-3349e41d44a7 for user MZl75nA53EeO3ZzSFbNXM8PtV3A2: 404: Chat not found
2025-05-15 09:58:08,086 - Chatbot Log - ERROR - Error fetching chat messages for session 1b17c6b7-2215-4473-b82f-3349e41d44a7 for user MZl75nA53EeO3ZzSFbNXM8PtV3A2: 404: Chat not found
2025-05-15 09:58:09,906 - Chatbot Log - INFO - Initial questions fetched for chat option: General Macroeconomics
2025-05-15 09:58:09,906 - Chatbot Log - INFO - Initial questions fetched for chat option: General Macroeconomics
2025-05-15 09:58:09,906 - Chatbot Log - INFO - Initial questions fetched for chat option: General Macroeconomics
2025-05-15 09:58:09,906 - Chatbot Log - INFO - Initial questions fetched for chat option: General Macroeconomics
2025-05-15 09:58:09,906 - Chatbot Log - INFO - Initial questions fetched for chat option: General Macroeconomics
2025-05-15 09:58:09,906 - Chatbot Log - INFO - Initial questions fetched for chat option: General Macroeconomics
2025-05-15 09:58:09,906 - Chatbot Log - INFO - Initial questions fetched for chat option: General Macroeconomics
2025-05-15 09:58:15,563 - Chatbot Log - INFO - User login attempt: akmal
2025-05-15 09:58:15,563 - Chatbot Log - INFO - User login attempt: akmal
2025-05-15 09:58:15,563 - Chatbot Log - INFO - User login attempt: akmal
2025-05-15 09:58:15,563 - Chatbot Log - INFO - User login attempt: akmal
2025-05-15 09:58:15,563 - Chatbot Log - INFO - User login attempt: akmal
2025-05-15 09:58:15,563 - Chatbot Log - INFO - User login attempt: akmal
2025-05-15 09:58:15,563 - Chatbot Log - INFO - User login attempt: akmal
2025-05-15 09:58:15,563 - Chatbot Log - INFO - User found: akmal@gmail.com
2025-05-15 09:58:15,563 - Chatbot Log - INFO - User found: akmal@gmail.com
2025-05-15 09:58:15,563 - Chatbot Log - INFO - User found: akmal@gmail.com
2025-05-15 09:58:15,563 - Chatbot Log - INFO - User found: akmal@gmail.com
2025-05-15 09:58:15,563 - Chatbot Log - INFO - User found: akmal@gmail.com
2025-05-15 09:58:15,563 - Chatbot Log - INFO - User found: akmal@gmail.com
2025-05-15 09:58:15,563 - Chatbot Log - INFO - User found: akmal@gmail.com
2025-05-15 09:58:15,894 - Chatbot Log - INFO - Custom token created for user: MZl75nA53EeO3ZzSFbNXM8PtV3A2
2025-05-15 09:58:15,894 - Chatbot Log - INFO - Custom token created for user: MZl75nA53EeO3ZzSFbNXM8PtV3A2
2025-05-15 09:58:15,894 - Chatbot Log - INFO - Custom token created for user: MZl75nA53EeO3ZzSFbNXM8PtV3A2
2025-05-15 09:58:15,894 - Chatbot Log - INFO - Custom token created for user: MZl75nA53EeO3ZzSFbNXM8PtV3A2
2025-05-15 09:58:15,894 - Chatbot Log - INFO - Custom token created for user: MZl75nA53EeO3ZzSFbNXM8PtV3A2
2025-05-15 09:58:15,894 - Chatbot Log - INFO - Custom token created for user: MZl75nA53EeO3ZzSFbNXM8PtV3A2
2025-05-15 09:58:15,894 - Chatbot Log - INFO - Custom token created for user: MZl75nA53EeO3ZzSFbNXM8PtV3A2
2025-05-15 09:58:18,580 - Chatbot Log - INFO - Fetching chat history for user: MZl75nA53EeO3ZzSFbNXM8PtV3A2
2025-05-15 09:58:18,580 - Chatbot Log - INFO - Fetching chat history for user: MZl75nA53EeO3ZzSFbNXM8PtV3A2
2025-05-15 09:58:18,580 - Chatbot Log - INFO - Fetching chat history for user: MZl75nA53EeO3ZzSFbNXM8PtV3A2
2025-05-15 09:58:18,580 - Chatbot Log - INFO - Fetching chat history for user: MZl75nA53EeO3ZzSFbNXM8PtV3A2
2025-05-15 09:58:18,580 - Chatbot Log - INFO - Fetching chat history for user: MZl75nA53EeO3ZzSFbNXM8PtV3A2
2025-05-15 09:58:18,580 - Chatbot Log - INFO - Fetching chat history for user: MZl75nA53EeO3ZzSFbNXM8PtV3A2
2025-05-15 09:58:18,580 - Chatbot Log - INFO - Fetching chat history for user: MZl75nA53EeO3ZzSFbNXM8PtV3A2
2025-05-15 09:58:18,663 - Chatbot Log - INFO - Chat history fetched successfully for user: MZl75nA53EeO3ZzSFbNXM8PtV3A2
2025-05-15 09:58:18,663 - Chatbot Log - INFO - Chat history fetched successfully for user: MZl75nA53EeO3ZzSFbNXM8PtV3A2
2025-05-15 09:58:18,663 - Chatbot Log - INFO - Chat history fetched successfully for user: MZl75nA53EeO3ZzSFbNXM8PtV3A2
2025-05-15 09:58:18,663 - Chatbot Log - INFO - Chat history fetched successfully for user: MZl75nA53EeO3ZzSFbNXM8PtV3A2
2025-05-15 09:58:18,663 - Chatbot Log - INFO - Chat history fetched successfully for user: MZl75nA53EeO3ZzSFbNXM8PtV3A2
2025-05-15 09:58:18,663 - Chatbot Log - INFO - Chat history fetched successfully for user: MZl75nA53EeO3ZzSFbNXM8PtV3A2
2025-05-15 09:58:18,663 - Chatbot Log - INFO - Chat history fetched successfully for user: MZl75nA53EeO3ZzSFbNXM8PtV3A2
2025-05-15 09:58:20,362 - Chatbot Log - INFO - Initial questions fetched for chat option: General Macroeconomics
2025-05-15 09:58:20,362 - Chatbot Log - INFO - Initial questions fetched for chat option: General Macroeconomics
2025-05-15 09:58:20,362 - Chatbot Log - INFO - Initial questions fetched for chat option: General Macroeconomics
2025-05-15 09:58:20,362 - Chatbot Log - INFO - Initial questions fetched for chat option: General Macroeconomics
2025-05-15 09:58:20,362 - Chatbot Log - INFO - Initial questions fetched for chat option: General Macroeconomics
2025-05-15 09:58:20,362 - Chatbot Log - INFO - Initial questions fetched for chat option: General Macroeconomics
2025-05-15 09:58:20,362 - Chatbot Log - INFO - Initial questions fetched for chat option: General Macroeconomics
2025-05-15 09:58:21,993 - Chatbot Log - INFO - Initial questions fetched for chat option: General Macroeconomics
2025-05-15 09:58:21,993 - Chatbot Log - INFO - Initial questions fetched for chat option: General Macroeconomics
2025-05-15 09:58:21,993 - Chatbot Log - INFO - Initial questions fetched for chat option: General Macroeconomics
2025-05-15 09:58:21,993 - Chatbot Log - INFO - Initial questions fetched for chat option: General Macroeconomics
2025-05-15 09:58:21,993 - Chatbot Log - INFO - Initial questions fetched for chat option: General Macroeconomics
2025-05-15 09:58:21,993 - Chatbot Log - INFO - Initial questions fetched for chat option: General Macroeconomics
2025-05-15 09:58:21,993 - Chatbot Log - INFO - Initial questions fetched for chat option: General Macroeconomics
2025-05-15 10:09:52,894 - Chatbot Log - INFO - User login attempt: akmal
2025-05-15 10:09:52,894 - Chatbot Log - INFO - User login attempt: akmal
2025-05-15 10:09:52,894 - Chatbot Log - INFO - User login attempt: akmal
2025-05-15 10:09:52,894 - Chatbot Log - INFO - User login attempt: akmal
2025-05-15 10:09:52,894 - Chatbot Log - INFO - User login attempt: akmal
2025-05-15 10:09:52,894 - Chatbot Log - INFO - User login attempt: akmal
2025-05-15 10:09:52,894 - Chatbot Log - INFO - User login attempt: akmal
2025-05-15 10:09:52,905 - Chatbot Log - INFO - User found: akmal@gmail.com
2025-05-15 10:09:52,905 - Chatbot Log - INFO - User found: akmal@gmail.com
2025-05-15 10:09:52,905 - Chatbot Log - INFO - User found: akmal@gmail.com
2025-05-15 10:09:52,905 - Chatbot Log - INFO - User found: akmal@gmail.com
2025-05-15 10:09:52,905 - Chatbot Log - INFO - User found: akmal@gmail.com
2025-05-15 10:09:52,905 - Chatbot Log - INFO - User found: akmal@gmail.com
2025-05-15 10:09:52,905 - Chatbot Log - INFO - User found: akmal@gmail.com
2025-05-15 10:12:14,938 - Chatbot Log - INFO - User login attempt: akmal
2025-05-15 10:12:14,938 - Chatbot Log - INFO - User login attempt: akmal
2025-05-15 10:12:14,938 - Chatbot Log - INFO - User login attempt: akmal
2025-05-15 10:12:14,938 - Chatbot Log - INFO - User login attempt: akmal
2025-05-15 10:12:14,938 - Chatbot Log - INFO - User login attempt: akmal
2025-05-15 10:12:14,938 - Chatbot Log - INFO - User login attempt: akmal
2025-05-15 10:12:14,938 - Chatbot Log - INFO - User login attempt: akmal
2025-05-15 10:12:14,940 - Chatbot Log - INFO - User found: akmal@gmail.com
2025-05-15 10:12:14,940 - Chatbot Log - INFO - User found: akmal@gmail.com
2025-05-15 10:12:14,940 - Chatbot Log - INFO - User found: akmal@gmail.com
2025-05-15 10:12:14,940 - Chatbot Log - INFO - User found: akmal@gmail.com
2025-05-15 10:12:14,940 - Chatbot Log - INFO - User found: akmal@gmail.com
2025-05-15 10:12:14,940 - Chatbot Log - INFO - User found: akmal@gmail.com
2025-05-15 10:12:14,940 - Chatbot Log - INFO - User found: akmal@gmail.com
2025-05-15 10:12:15,286 - Chatbot Log - INFO - Custom token created for user: MZl75nA53EeO3ZzSFbNXM8PtV3A2
2025-05-15 10:12:15,286 - Chatbot Log - INFO - Custom token created for user: MZl75nA53EeO3ZzSFbNXM8PtV3A2
2025-05-15 10:12:15,286 - Chatbot Log - INFO - Custom token created for user: MZl75nA53EeO3ZzSFbNXM8PtV3A2
2025-05-15 10:12:15,286 - Chatbot Log - INFO - Custom token created for user: MZl75nA53EeO3ZzSFbNXM8PtV3A2
2025-05-15 10:12:15,286 - Chatbot Log - INFO - Custom token created for user: MZl75nA53EeO3ZzSFbNXM8PtV3A2
2025-05-15 10:12:15,286 - Chatbot Log - INFO - Custom token created for user: MZl75nA53EeO3ZzSFbNXM8PtV3A2
2025-05-15 10:12:15,286 - Chatbot Log - INFO - Custom token created for user: MZl75nA53EeO3ZzSFbNXM8PtV3A2
2025-05-15 10:12:22,482 - Chatbot Log - INFO - Fetching chat history for user: MZl75nA53EeO3ZzSFbNXM8PtV3A2
2025-05-15 10:12:22,482 - Chatbot Log - INFO - Fetching chat history for user: MZl75nA53EeO3ZzSFbNXM8PtV3A2
2025-05-15 10:12:22,482 - Chatbot Log - INFO - Fetching chat history for user: MZl75nA53EeO3ZzSFbNXM8PtV3A2
2025-05-15 10:12:22,482 - Chatbot Log - INFO - Fetching chat history for user: MZl75nA53EeO3ZzSFbNXM8PtV3A2
2025-05-15 10:12:22,482 - Chatbot Log - INFO - Fetching chat history for user: MZl75nA53EeO3ZzSFbNXM8PtV3A2
2025-05-15 10:12:22,482 - Chatbot Log - INFO - Fetching chat history for user: MZl75nA53EeO3ZzSFbNXM8PtV3A2
2025-05-15 10:12:22,482 - Chatbot Log - INFO - Fetching chat history for user: MZl75nA53EeO3ZzSFbNXM8PtV3A2
2025-05-15 10:12:22,587 - Chatbot Log - INFO - Chat history fetched successfully for user: MZl75nA53EeO3ZzSFbNXM8PtV3A2
2025-05-15 10:12:22,587 - Chatbot Log - INFO - Chat history fetched successfully for user: MZl75nA53EeO3ZzSFbNXM8PtV3A2
2025-05-15 10:12:22,587 - Chatbot Log - INFO - Chat history fetched successfully for user: MZl75nA53EeO3ZzSFbNXM8PtV3A2
2025-05-15 10:12:22,587 - Chatbot Log - INFO - Chat history fetched successfully for user: MZl75nA53EeO3ZzSFbNXM8PtV3A2
2025-05-15 10:12:22,587 - Chatbot Log - INFO - Chat history fetched successfully for user: MZl75nA53EeO3ZzSFbNXM8PtV3A2
2025-05-15 10:12:22,587 - Chatbot Log - INFO - Chat history fetched successfully for user: MZl75nA53EeO3ZzSFbNXM8PtV3A2
2025-05-15 10:12:22,587 - Chatbot Log - INFO - Chat history fetched successfully for user: MZl75nA53EeO3ZzSFbNXM8PtV3A2
2025-05-15 10:12:25,347 - Chatbot Log - INFO - Initial questions fetched for chat option: General Macroeconomics
2025-05-15 10:12:25,347 - Chatbot Log - INFO - Initial questions fetched for chat option: General Macroeconomics
2025-05-15 10:12:25,347 - Chatbot Log - INFO - Initial questions fetched for chat option: General Macroeconomics
2025-05-15 10:12:25,347 - Chatbot Log - INFO - Initial questions fetched for chat option: General Macroeconomics
2025-05-15 10:12:25,347 - Chatbot Log - INFO - Initial questions fetched for chat option: General Macroeconomics
2025-05-15 10:12:25,347 - Chatbot Log - INFO - Initial questions fetched for chat option: General Macroeconomics
2025-05-15 10:12:25,347 - Chatbot Log - INFO - Initial questions fetched for chat option: General Macroeconomics
2025-05-15 10:12:27,033 - Chatbot Log - INFO - Initial questions fetched for chat option: General Macroeconomics
2025-05-15 10:12:27,033 - Chatbot Log - INFO - Initial questions fetched for chat option: General Macroeconomics
2025-05-15 10:12:27,033 - Chatbot Log - INFO - Initial questions fetched for chat option: General Macroeconomics
2025-05-15 10:12:27,033 - Chatbot Log - INFO - Initial questions fetched for chat option: General Macroeconomics
2025-05-15 10:12:27,033 - Chatbot Log - INFO - Initial questions fetched for chat option: General Macroeconomics
2025-05-15 10:12:27,033 - Chatbot Log - INFO - Initial questions fetched for chat option: General Macroeconomics
2025-05-15 10:12:27,033 - Chatbot Log - INFO - Initial questions fetched for chat option: General Macroeconomics
