2025-05-15 09:50:29,053 - Chatbot Log - ERROR - Error fetching chat messages for session 68349c73-4f4d-4853-8f32-2640a0cdf848 for user Udt024ytXcVrhXu09qHRVJXgg1c2: 404: Chat not found
2025-05-15 09:50:29,053 - Chatbot Log - ERROR - Error fetching chat messages for session 68349c73-4f4d-4853-8f32-2640a0cdf848 for user Udt024ytXcVrhXu09qHRVJXgg1c2: 404: Chat not found
2025-05-15 09:50:29,053 - Chatbot Log - ERROR - Error fetching chat messages for session 68349c73-4f4d-4853-8f32-2640a0cdf848 for user Udt024ytXcVrhXu09qHRVJXgg1c2: 404: Chat not found
2025-05-15 09:50:29,053 - Chatbot Log - ERROR - Error fetching chat messages for session 68349c73-4f4d-4853-8f32-2640a0cdf848 for user Udt024ytXcVrhXu09qHRVJXgg1c2: 404: Chat not found
2025-05-15 09:50:29,053 - Chatbot Log - ERROR - Error fetching chat messages for session 68349c73-4f4d-4853-8f32-2640a0cdf848 for user Udt024ytXcVrhXu09qHRVJXgg1c2: 404: Chat not found
2025-05-15 09:50:29,053 - Chatbot Log - ERROR - Error fetching chat messages for session 68349c73-4f4d-4853-8f32-2640a0cdf848 for user Udt024ytXcVrhXu09qHRVJXgg1c2: 404: Chat not found
2025-05-15 09:50:29,053 - Chatbot Log - ERROR - Error fetching chat messages for session 68349c73-4f4d-4853-8f32-2640a0cdf848 for user Udt024ytXcVrhXu09qHRVJXgg1c2: 404: Chat not found
2025-05-15 09:51:08,962 - Chatbot Log - ERROR - Error fetching chat messages for session 0f659fae-f7fb-44fe-936a-5d6c2ce60729 for user Udt024ytXcVrhXu09qHRVJXgg1c2: 404: Chat not found
2025-05-15 09:51:08,962 - Chatbot Log - ERROR - Error fetching chat messages for session 0f659fae-f7fb-44fe-936a-5d6c2ce60729 for user Udt024ytXcVrhXu09qHRVJXgg1c2: 404: Chat not found
2025-05-15 09:51:08,962 - Chatbot Log - ERROR - Error fetching chat messages for session 0f659fae-f7fb-44fe-936a-5d6c2ce60729 for user Udt024ytXcVrhXu09qHRVJXgg1c2: 404: Chat not found
2025-05-15 09:51:08,962 - Chatbot Log - ERROR - Error fetching chat messages for session 0f659fae-f7fb-44fe-936a-5d6c2ce60729 for user Udt024ytXcVrhXu09qHRVJXgg1c2: 404: Chat not found
2025-05-15 09:51:08,962 - Chatbot Log - ERROR - Error fetching chat messages for session 0f659fae-f7fb-44fe-936a-5d6c2ce60729 for user Udt024ytXcVrhXu09qHRVJXgg1c2: 404: Chat not found
2025-05-15 09:51:08,962 - Chatbot Log - ERROR - Error fetching chat messages for session 0f659fae-f7fb-44fe-936a-5d6c2ce60729 for user Udt024ytXcVrhXu09qHRVJXgg1c2: 404: Chat not found
2025-05-15 09:51:08,962 - Chatbot Log - ERROR - Error fetching chat messages for session 0f659fae-f7fb-44fe-936a-5d6c2ce60729 for user Udt024ytXcVrhXu09qHRVJXgg1c2: 404: Chat not found
2025-05-15 09:58:08,086 - Chatbot Log - ERROR - Error fetching chat messages for session 1b17c6b7-2215-4473-b82f-3349e41d44a7 for user MZl75nA53EeO3ZzSFbNXM8PtV3A2: 404: Chat not found
2025-05-15 09:58:08,086 - Chatbot Log - ERROR - Error fetching chat messages for session 1b17c6b7-2215-4473-b82f-3349e41d44a7 for user MZl75nA53EeO3ZzSFbNXM8PtV3A2: 404: Chat not found
2025-05-15 09:58:08,086 - Chatbot Log - ERROR - Error fetching chat messages for session 1b17c6b7-2215-4473-b82f-3349e41d44a7 for user MZl75nA53EeO3ZzSFbNXM8PtV3A2: 404: Chat not found
2025-05-15 09:58:08,086 - Chatbot Log - ERROR - Error fetching chat messages for session 1b17c6b7-2215-4473-b82f-3349e41d44a7 for user MZl75nA53EeO3ZzSFbNXM8PtV3A2: 404: Chat not found
2025-05-15 09:58:08,086 - Chatbot Log - ERROR - Error fetching chat messages for session 1b17c6b7-2215-4473-b82f-3349e41d44a7 for user MZl75nA53EeO3ZzSFbNXM8PtV3A2: 404: Chat not found
2025-05-15 09:58:08,086 - Chatbot Log - ERROR - Error fetching chat messages for session 1b17c6b7-2215-4473-b82f-3349e41d44a7 for user MZl75nA53EeO3ZzSFbNXM8PtV3A2: 404: Chat not found
2025-05-15 09:58:08,086 - Chatbot Log - ERROR - Error fetching chat messages for session 1b17c6b7-2215-4473-b82f-3349e41d44a7 for user MZl75nA53EeO3ZzSFbNXM8PtV3A2: 404: Chat not found
2025-05-15 10:20:17,764 - Chatbot Log - ERROR - Error fetching chat messages for session 5c6cb318-9592-4c0b-a69e-4b5f153f999b for user MZl75nA53EeO3ZzSFbNXM8PtV3A2: 404: Chat not found
2025-05-15 10:20:17,764 - Chatbot Log - ERROR - Error fetching chat messages for session 5c6cb318-9592-4c0b-a69e-4b5f153f999b for user MZl75nA53EeO3ZzSFbNXM8PtV3A2: 404: Chat not found
2025-05-15 10:20:17,764 - Chatbot Log - ERROR - Error fetching chat messages for session 5c6cb318-9592-4c0b-a69e-4b5f153f999b for user MZl75nA53EeO3ZzSFbNXM8PtV3A2: 404: Chat not found
2025-05-15 10:20:17,764 - Chatbot Log - ERROR - Error fetching chat messages for session 5c6cb318-9592-4c0b-a69e-4b5f153f999b for user MZl75nA53EeO3ZzSFbNXM8PtV3A2: 404: Chat not found
2025-05-15 10:20:17,764 - Chatbot Log - ERROR - Error fetching chat messages for session 5c6cb318-9592-4c0b-a69e-4b5f153f999b for user MZl75nA53EeO3ZzSFbNXM8PtV3A2: 404: Chat not found
2025-05-15 10:20:17,764 - Chatbot Log - ERROR - Error fetching chat messages for session 5c6cb318-9592-4c0b-a69e-4b5f153f999b for user MZl75nA53EeO3ZzSFbNXM8PtV3A2: 404: Chat not found
2025-05-15 10:20:17,764 - Chatbot Log - ERROR - Error fetching chat messages for session 5c6cb318-9592-4c0b-a69e-4b5f153f999b for user MZl75nA53EeO3ZzSFbNXM8PtV3A2: 404: Chat not found
2025-05-15 10:28:36,708 - Chatbot Log - ERROR - Error fetching chat messages for session cd0bdb5d-36ba-4cdd-8fd3-90075b43f9f9 for user MZl75nA53EeO3ZzSFbNXM8PtV3A2: 404: Chat not found
2025-05-15 10:28:36,708 - Chatbot Log - ERROR - Error fetching chat messages for session cd0bdb5d-36ba-4cdd-8fd3-90075b43f9f9 for user MZl75nA53EeO3ZzSFbNXM8PtV3A2: 404: Chat not found
2025-05-15 10:28:36,708 - Chatbot Log - ERROR - Error fetching chat messages for session cd0bdb5d-36ba-4cdd-8fd3-90075b43f9f9 for user MZl75nA53EeO3ZzSFbNXM8PtV3A2: 404: Chat not found
2025-05-15 10:28:36,708 - Chatbot Log - ERROR - Error fetching chat messages for session cd0bdb5d-36ba-4cdd-8fd3-90075b43f9f9 for user MZl75nA53EeO3ZzSFbNXM8PtV3A2: 404: Chat not found
2025-05-15 10:28:36,708 - Chatbot Log - ERROR - Error fetching chat messages for session cd0bdb5d-36ba-4cdd-8fd3-90075b43f9f9 for user MZl75nA53EeO3ZzSFbNXM8PtV3A2: 404: Chat not found
2025-05-15 10:28:36,708 - Chatbot Log - ERROR - Error fetching chat messages for session cd0bdb5d-36ba-4cdd-8fd3-90075b43f9f9 for user MZl75nA53EeO3ZzSFbNXM8PtV3A2: 404: Chat not found
2025-05-15 10:28:36,708 - Chatbot Log - ERROR - Error fetching chat messages for session cd0bdb5d-36ba-4cdd-8fd3-90075b43f9f9 for user MZl75nA53EeO3ZzSFbNXM8PtV3A2: 404: Chat not found
2025-05-15 10:33:18,719 - Chatbot Log - ERROR - Error fetching chat messages for session 826e6d1a-7c3e-4476-9f61-90329b15e022 for user MZl75nA53EeO3ZzSFbNXM8PtV3A2: 404: Chat not found
2025-05-15 10:33:18,719 - Chatbot Log - ERROR - Error fetching chat messages for session 826e6d1a-7c3e-4476-9f61-90329b15e022 for user MZl75nA53EeO3ZzSFbNXM8PtV3A2: 404: Chat not found
2025-05-15 10:33:18,719 - Chatbot Log - ERROR - Error fetching chat messages for session 826e6d1a-7c3e-4476-9f61-90329b15e022 for user MZl75nA53EeO3ZzSFbNXM8PtV3A2: 404: Chat not found
2025-05-15 10:33:18,719 - Chatbot Log - ERROR - Error fetching chat messages for session 826e6d1a-7c3e-4476-9f61-90329b15e022 for user MZl75nA53EeO3ZzSFbNXM8PtV3A2: 404: Chat not found
2025-05-15 10:33:18,719 - Chatbot Log - ERROR - Error fetching chat messages for session 826e6d1a-7c3e-4476-9f61-90329b15e022 for user MZl75nA53EeO3ZzSFbNXM8PtV3A2: 404: Chat not found
2025-05-15 10:33:18,719 - Chatbot Log - ERROR - Error fetching chat messages for session 826e6d1a-7c3e-4476-9f61-90329b15e022 for user MZl75nA53EeO3ZzSFbNXM8PtV3A2: 404: Chat not found
2025-05-15 10:33:18,719 - Chatbot Log - ERROR - Error fetching chat messages for session 826e6d1a-7c3e-4476-9f61-90329b15e022 for user MZl75nA53EeO3ZzSFbNXM8PtV3A2: 404: Chat not found
2025-05-15 10:34:06,807 - Chatbot Log - ERROR - Error fetching chat messages for session e4dbcc53-9064-4499-87c4-0f60ab61f7b8 for user MZl75nA53EeO3ZzSFbNXM8PtV3A2: 404: Chat not found
2025-05-15 10:34:06,807 - Chatbot Log - ERROR - Error fetching chat messages for session e4dbcc53-9064-4499-87c4-0f60ab61f7b8 for user MZl75nA53EeO3ZzSFbNXM8PtV3A2: 404: Chat not found
2025-05-15 10:34:06,807 - Chatbot Log - ERROR - Error fetching chat messages for session e4dbcc53-9064-4499-87c4-0f60ab61f7b8 for user MZl75nA53EeO3ZzSFbNXM8PtV3A2: 404: Chat not found
2025-05-15 10:34:06,807 - Chatbot Log - ERROR - Error fetching chat messages for session e4dbcc53-9064-4499-87c4-0f60ab61f7b8 for user MZl75nA53EeO3ZzSFbNXM8PtV3A2: 404: Chat not found
2025-05-15 10:34:06,807 - Chatbot Log - ERROR - Error fetching chat messages for session e4dbcc53-9064-4499-87c4-0f60ab61f7b8 for user MZl75nA53EeO3ZzSFbNXM8PtV3A2: 404: Chat not found
2025-05-15 10:34:06,807 - Chatbot Log - ERROR - Error fetching chat messages for session e4dbcc53-9064-4499-87c4-0f60ab61f7b8 for user MZl75nA53EeO3ZzSFbNXM8PtV3A2: 404: Chat not found
2025-05-15 10:34:06,807 - Chatbot Log - ERROR - Error fetching chat messages for session e4dbcc53-9064-4499-87c4-0f60ab61f7b8 for user MZl75nA53EeO3ZzSFbNXM8PtV3A2: 404: Chat not found
2025-05-15 10:34:11,905 - Chatbot Log - ERROR - Error fetching chat messages for session 4703040f-1405-4c9c-857c-bf774489ffef for user MZl75nA53EeO3ZzSFbNXM8PtV3A2: 404: Chat not found
2025-05-15 10:34:11,905 - Chatbot Log - ERROR - Error fetching chat messages for session 4703040f-1405-4c9c-857c-bf774489ffef for user MZl75nA53EeO3ZzSFbNXM8PtV3A2: 404: Chat not found
2025-05-15 10:34:11,905 - Chatbot Log - ERROR - Error fetching chat messages for session 4703040f-1405-4c9c-857c-bf774489ffef for user MZl75nA53EeO3ZzSFbNXM8PtV3A2: 404: Chat not found
2025-05-15 10:34:11,905 - Chatbot Log - ERROR - Error fetching chat messages for session 4703040f-1405-4c9c-857c-bf774489ffef for user MZl75nA53EeO3ZzSFbNXM8PtV3A2: 404: Chat not found
2025-05-15 10:34:11,905 - Chatbot Log - ERROR - Error fetching chat messages for session 4703040f-1405-4c9c-857c-bf774489ffef for user MZl75nA53EeO3ZzSFbNXM8PtV3A2: 404: Chat not found
2025-05-15 10:34:11,905 - Chatbot Log - ERROR - Error fetching chat messages for session 4703040f-1405-4c9c-857c-bf774489ffef for user MZl75nA53EeO3ZzSFbNXM8PtV3A2: 404: Chat not found
2025-05-15 10:34:11,905 - Chatbot Log - ERROR - Error fetching chat messages for session 4703040f-1405-4c9c-857c-bf774489ffef for user MZl75nA53EeO3ZzSFbNXM8PtV3A2: 404: Chat not found
2025-05-15 10:34:16,080 - Chatbot Log - ERROR - Error fetching chat messages for session ba2179ff-4ccd-432f-b1fb-1028f897d23e for user MZl75nA53EeO3ZzSFbNXM8PtV3A2: 404: Chat not found
2025-05-15 10:34:16,080 - Chatbot Log - ERROR - Error fetching chat messages for session ba2179ff-4ccd-432f-b1fb-1028f897d23e for user MZl75nA53EeO3ZzSFbNXM8PtV3A2: 404: Chat not found
2025-05-15 10:34:16,080 - Chatbot Log - ERROR - Error fetching chat messages for session ba2179ff-4ccd-432f-b1fb-1028f897d23e for user MZl75nA53EeO3ZzSFbNXM8PtV3A2: 404: Chat not found
2025-05-15 10:34:16,080 - Chatbot Log - ERROR - Error fetching chat messages for session ba2179ff-4ccd-432f-b1fb-1028f897d23e for user MZl75nA53EeO3ZzSFbNXM8PtV3A2: 404: Chat not found
2025-05-15 10:34:16,080 - Chatbot Log - ERROR - Error fetching chat messages for session ba2179ff-4ccd-432f-b1fb-1028f897d23e for user MZl75nA53EeO3ZzSFbNXM8PtV3A2: 404: Chat not found
2025-05-15 10:34:16,080 - Chatbot Log - ERROR - Error fetching chat messages for session ba2179ff-4ccd-432f-b1fb-1028f897d23e for user MZl75nA53EeO3ZzSFbNXM8PtV3A2: 404: Chat not found
2025-05-15 10:34:16,080 - Chatbot Log - ERROR - Error fetching chat messages for session ba2179ff-4ccd-432f-b1fb-1028f897d23e for user MZl75nA53EeO3ZzSFbNXM8PtV3A2: 404: Chat not found
2025-05-15 10:39:38,868 - Chatbot Log - ERROR - Error fetching chat messages for session ba2179ff-4ccd-432f-b1fb-1028f897d23e for user MZl75nA53EeO3ZzSFbNXM8PtV3A2: 404: Chat not found
2025-05-15 10:39:38,868 - Chatbot Log - ERROR - Error fetching chat messages for session ba2179ff-4ccd-432f-b1fb-1028f897d23e for user MZl75nA53EeO3ZzSFbNXM8PtV3A2: 404: Chat not found
2025-05-15 10:39:38,868 - Chatbot Log - ERROR - Error fetching chat messages for session ba2179ff-4ccd-432f-b1fb-1028f897d23e for user MZl75nA53EeO3ZzSFbNXM8PtV3A2: 404: Chat not found
2025-05-15 10:39:38,868 - Chatbot Log - ERROR - Error fetching chat messages for session ba2179ff-4ccd-432f-b1fb-1028f897d23e for user MZl75nA53EeO3ZzSFbNXM8PtV3A2: 404: Chat not found
2025-05-15 10:39:38,868 - Chatbot Log - ERROR - Error fetching chat messages for session ba2179ff-4ccd-432f-b1fb-1028f897d23e for user MZl75nA53EeO3ZzSFbNXM8PtV3A2: 404: Chat not found
2025-05-15 10:39:38,868 - Chatbot Log - ERROR - Error fetching chat messages for session ba2179ff-4ccd-432f-b1fb-1028f897d23e for user MZl75nA53EeO3ZzSFbNXM8PtV3A2: 404: Chat not found
2025-05-15 10:39:38,868 - Chatbot Log - ERROR - Error fetching chat messages for session ba2179ff-4ccd-432f-b1fb-1028f897d23e for user MZl75nA53EeO3ZzSFbNXM8PtV3A2: 404: Chat not found
2025-05-15 10:39:48,399 - Chatbot Log - ERROR - Error fetching chat messages for session ba2179ff-4ccd-432f-b1fb-1028f897d23e for user MZl75nA53EeO3ZzSFbNXM8PtV3A2: 404: Chat not found
2025-05-15 10:39:48,399 - Chatbot Log - ERROR - Error fetching chat messages for session ba2179ff-4ccd-432f-b1fb-1028f897d23e for user MZl75nA53EeO3ZzSFbNXM8PtV3A2: 404: Chat not found
2025-05-15 10:39:48,399 - Chatbot Log - ERROR - Error fetching chat messages for session ba2179ff-4ccd-432f-b1fb-1028f897d23e for user MZl75nA53EeO3ZzSFbNXM8PtV3A2: 404: Chat not found
2025-05-15 10:39:48,399 - Chatbot Log - ERROR - Error fetching chat messages for session ba2179ff-4ccd-432f-b1fb-1028f897d23e for user MZl75nA53EeO3ZzSFbNXM8PtV3A2: 404: Chat not found
2025-05-15 10:39:48,399 - Chatbot Log - ERROR - Error fetching chat messages for session ba2179ff-4ccd-432f-b1fb-1028f897d23e for user MZl75nA53EeO3ZzSFbNXM8PtV3A2: 404: Chat not found
2025-05-15 10:39:48,399 - Chatbot Log - ERROR - Error fetching chat messages for session ba2179ff-4ccd-432f-b1fb-1028f897d23e for user MZl75nA53EeO3ZzSFbNXM8PtV3A2: 404: Chat not found
2025-05-15 10:39:48,399 - Chatbot Log - ERROR - Error fetching chat messages for session ba2179ff-4ccd-432f-b1fb-1028f897d23e for user MZl75nA53EeO3ZzSFbNXM8PtV3A2: 404: Chat not found
2025-05-15 10:40:17,965 - Chatbot Log - ERROR - Error fetching chat messages for session 9d7ab19a-d64d-47a0-9300-7015b0aa1dc0 for user MZl75nA53EeO3ZzSFbNXM8PtV3A2: 404: Chat not found
2025-05-15 10:40:17,965 - Chatbot Log - ERROR - Error fetching chat messages for session 9d7ab19a-d64d-47a0-9300-7015b0aa1dc0 for user MZl75nA53EeO3ZzSFbNXM8PtV3A2: 404: Chat not found
2025-05-15 10:40:17,965 - Chatbot Log - ERROR - Error fetching chat messages for session 9d7ab19a-d64d-47a0-9300-7015b0aa1dc0 for user MZl75nA53EeO3ZzSFbNXM8PtV3A2: 404: Chat not found
2025-05-15 10:40:17,965 - Chatbot Log - ERROR - Error fetching chat messages for session 9d7ab19a-d64d-47a0-9300-7015b0aa1dc0 for user MZl75nA53EeO3ZzSFbNXM8PtV3A2: 404: Chat not found
2025-05-15 10:40:17,965 - Chatbot Log - ERROR - Error fetching chat messages for session 9d7ab19a-d64d-47a0-9300-7015b0aa1dc0 for user MZl75nA53EeO3ZzSFbNXM8PtV3A2: 404: Chat not found
2025-05-15 10:40:17,965 - Chatbot Log - ERROR - Error fetching chat messages for session 9d7ab19a-d64d-47a0-9300-7015b0aa1dc0 for user MZl75nA53EeO3ZzSFbNXM8PtV3A2: 404: Chat not found
2025-05-15 10:40:17,965 - Chatbot Log - ERROR - Error fetching chat messages for session 9d7ab19a-d64d-47a0-9300-7015b0aa1dc0 for user MZl75nA53EeO3ZzSFbNXM8PtV3A2: 404: Chat not found
2025-05-15 10:40:32,390 - Chatbot Log - ERROR - Error fetching chat messages for session 014df4e3-e010-4ad5-a498-194c8518d19c for user MZl75nA53EeO3ZzSFbNXM8PtV3A2: 404: Chat not found
2025-05-15 10:40:32,390 - Chatbot Log - ERROR - Error fetching chat messages for session 014df4e3-e010-4ad5-a498-194c8518d19c for user MZl75nA53EeO3ZzSFbNXM8PtV3A2: 404: Chat not found
2025-05-15 10:40:32,390 - Chatbot Log - ERROR - Error fetching chat messages for session 014df4e3-e010-4ad5-a498-194c8518d19c for user MZl75nA53EeO3ZzSFbNXM8PtV3A2: 404: Chat not found
2025-05-15 10:40:32,390 - Chatbot Log - ERROR - Error fetching chat messages for session 014df4e3-e010-4ad5-a498-194c8518d19c for user MZl75nA53EeO3ZzSFbNXM8PtV3A2: 404: Chat not found
2025-05-15 10:40:32,390 - Chatbot Log - ERROR - Error fetching chat messages for session 014df4e3-e010-4ad5-a498-194c8518d19c for user MZl75nA53EeO3ZzSFbNXM8PtV3A2: 404: Chat not found
2025-05-15 10:40:32,390 - Chatbot Log - ERROR - Error fetching chat messages for session 014df4e3-e010-4ad5-a498-194c8518d19c for user MZl75nA53EeO3ZzSFbNXM8PtV3A2: 404: Chat not found
2025-05-15 10:40:32,390 - Chatbot Log - ERROR - Error fetching chat messages for session 014df4e3-e010-4ad5-a498-194c8518d19c for user MZl75nA53EeO3ZzSFbNXM8PtV3A2: 404: Chat not found
2025-05-15 10:41:42,496 - Chatbot Log - ERROR - Error fetching chat messages for session 014df4e3-e010-4ad5-a498-194c8518d19c for user MZl75nA53EeO3ZzSFbNXM8PtV3A2: 404: Chat not found
2025-05-15 10:41:42,496 - Chatbot Log - ERROR - Error fetching chat messages for session 014df4e3-e010-4ad5-a498-194c8518d19c for user MZl75nA53EeO3ZzSFbNXM8PtV3A2: 404: Chat not found
2025-05-15 10:41:42,496 - Chatbot Log - ERROR - Error fetching chat messages for session 014df4e3-e010-4ad5-a498-194c8518d19c for user MZl75nA53EeO3ZzSFbNXM8PtV3A2: 404: Chat not found
2025-05-15 10:41:42,496 - Chatbot Log - ERROR - Error fetching chat messages for session 014df4e3-e010-4ad5-a498-194c8518d19c for user MZl75nA53EeO3ZzSFbNXM8PtV3A2: 404: Chat not found
2025-05-15 10:41:42,496 - Chatbot Log - ERROR - Error fetching chat messages for session 014df4e3-e010-4ad5-a498-194c8518d19c for user MZl75nA53EeO3ZzSFbNXM8PtV3A2: 404: Chat not found
2025-05-15 10:41:42,496 - Chatbot Log - ERROR - Error fetching chat messages for session 014df4e3-e010-4ad5-a498-194c8518d19c for user MZl75nA53EeO3ZzSFbNXM8PtV3A2: 404: Chat not found
2025-05-15 10:41:42,496 - Chatbot Log - ERROR - Error fetching chat messages for session 014df4e3-e010-4ad5-a498-194c8518d19c for user MZl75nA53EeO3ZzSFbNXM8PtV3A2: 404: Chat not found
2025-05-15 10:41:48,925 - Chatbot Log - ERROR - Error fetching chat messages for session 014df4e3-e010-4ad5-a498-194c8518d19c for user MZl75nA53EeO3ZzSFbNXM8PtV3A2: 404: Chat not found
2025-05-15 10:41:48,925 - Chatbot Log - ERROR - Error fetching chat messages for session 014df4e3-e010-4ad5-a498-194c8518d19c for user MZl75nA53EeO3ZzSFbNXM8PtV3A2: 404: Chat not found
2025-05-15 10:41:48,925 - Chatbot Log - ERROR - Error fetching chat messages for session 014df4e3-e010-4ad5-a498-194c8518d19c for user MZl75nA53EeO3ZzSFbNXM8PtV3A2: 404: Chat not found
2025-05-15 10:41:48,925 - Chatbot Log - ERROR - Error fetching chat messages for session 014df4e3-e010-4ad5-a498-194c8518d19c for user MZl75nA53EeO3ZzSFbNXM8PtV3A2: 404: Chat not found
2025-05-15 10:41:48,925 - Chatbot Log - ERROR - Error fetching chat messages for session 014df4e3-e010-4ad5-a498-194c8518d19c for user MZl75nA53EeO3ZzSFbNXM8PtV3A2: 404: Chat not found
2025-05-15 10:41:48,925 - Chatbot Log - ERROR - Error fetching chat messages for session 014df4e3-e010-4ad5-a498-194c8518d19c for user MZl75nA53EeO3ZzSFbNXM8PtV3A2: 404: Chat not found
2025-05-15 10:41:48,925 - Chatbot Log - ERROR - Error fetching chat messages for session 014df4e3-e010-4ad5-a498-194c8518d19c for user MZl75nA53EeO3ZzSFbNXM8PtV3A2: 404: Chat not found
2025-05-15 10:43:30,830 - Chatbot Log - ERROR - Error fetching chat messages for session 014df4e3-e010-4ad5-a498-194c8518d19c for user MZl75nA53EeO3ZzSFbNXM8PtV3A2: 404: Chat not found
2025-05-15 10:43:30,830 - Chatbot Log - ERROR - Error fetching chat messages for session 014df4e3-e010-4ad5-a498-194c8518d19c for user MZl75nA53EeO3ZzSFbNXM8PtV3A2: 404: Chat not found
2025-05-15 10:43:30,830 - Chatbot Log - ERROR - Error fetching chat messages for session 014df4e3-e010-4ad5-a498-194c8518d19c for user MZl75nA53EeO3ZzSFbNXM8PtV3A2: 404: Chat not found
2025-05-15 10:43:30,830 - Chatbot Log - ERROR - Error fetching chat messages for session 014df4e3-e010-4ad5-a498-194c8518d19c for user MZl75nA53EeO3ZzSFbNXM8PtV3A2: 404: Chat not found
2025-05-15 10:43:30,830 - Chatbot Log - ERROR - Error fetching chat messages for session 014df4e3-e010-4ad5-a498-194c8518d19c for user MZl75nA53EeO3ZzSFbNXM8PtV3A2: 404: Chat not found
2025-05-15 10:43:30,830 - Chatbot Log - ERROR - Error fetching chat messages for session 014df4e3-e010-4ad5-a498-194c8518d19c for user MZl75nA53EeO3ZzSFbNXM8PtV3A2: 404: Chat not found
2025-05-15 10:43:30,830 - Chatbot Log - ERROR - Error fetching chat messages for session 014df4e3-e010-4ad5-a498-194c8518d19c for user MZl75nA53EeO3ZzSFbNXM8PtV3A2: 404: Chat not found
2025-05-15 10:46:07,887 - Chatbot Log - ERROR - Error fetching chat messages for session 014df4e3-e010-4ad5-a498-194c8518d19c for user MZl75nA53EeO3ZzSFbNXM8PtV3A2: 404: Chat not found
2025-05-15 10:46:07,887 - Chatbot Log - ERROR - Error fetching chat messages for session 014df4e3-e010-4ad5-a498-194c8518d19c for user MZl75nA53EeO3ZzSFbNXM8PtV3A2: 404: Chat not found
2025-05-15 10:46:07,887 - Chatbot Log - ERROR - Error fetching chat messages for session 014df4e3-e010-4ad5-a498-194c8518d19c for user MZl75nA53EeO3ZzSFbNXM8PtV3A2: 404: Chat not found
2025-05-15 10:46:07,887 - Chatbot Log - ERROR - Error fetching chat messages for session 014df4e3-e010-4ad5-a498-194c8518d19c for user MZl75nA53EeO3ZzSFbNXM8PtV3A2: 404: Chat not found
2025-05-15 10:46:07,887 - Chatbot Log - ERROR - Error fetching chat messages for session 014df4e3-e010-4ad5-a498-194c8518d19c for user MZl75nA53EeO3ZzSFbNXM8PtV3A2: 404: Chat not found
2025-05-15 10:46:07,887 - Chatbot Log - ERROR - Error fetching chat messages for session 014df4e3-e010-4ad5-a498-194c8518d19c for user MZl75nA53EeO3ZzSFbNXM8PtV3A2: 404: Chat not found
2025-05-15 10:46:07,887 - Chatbot Log - ERROR - Error fetching chat messages for session 014df4e3-e010-4ad5-a498-194c8518d19c for user MZl75nA53EeO3ZzSFbNXM8PtV3A2: 404: Chat not found
2025-05-15 10:47:51,543 - Chatbot Log - ERROR - Error fetching chat messages for session 9df1afde-e140-4bba-a0f9-93cb99623898 for user MZl75nA53EeO3ZzSFbNXM8PtV3A2: 404: Chat not found
2025-05-15 10:47:51,543 - Chatbot Log - ERROR - Error fetching chat messages for session 9df1afde-e140-4bba-a0f9-93cb99623898 for user MZl75nA53EeO3ZzSFbNXM8PtV3A2: 404: Chat not found
2025-05-15 10:47:51,543 - Chatbot Log - ERROR - Error fetching chat messages for session 9df1afde-e140-4bba-a0f9-93cb99623898 for user MZl75nA53EeO3ZzSFbNXM8PtV3A2: 404: Chat not found
2025-05-15 10:47:51,543 - Chatbot Log - ERROR - Error fetching chat messages for session 9df1afde-e140-4bba-a0f9-93cb99623898 for user MZl75nA53EeO3ZzSFbNXM8PtV3A2: 404: Chat not found
2025-05-15 10:47:51,543 - Chatbot Log - ERROR - Error fetching chat messages for session 9df1afde-e140-4bba-a0f9-93cb99623898 for user MZl75nA53EeO3ZzSFbNXM8PtV3A2: 404: Chat not found
2025-05-15 10:47:51,543 - Chatbot Log - ERROR - Error fetching chat messages for session 9df1afde-e140-4bba-a0f9-93cb99623898 for user MZl75nA53EeO3ZzSFbNXM8PtV3A2: 404: Chat not found
2025-05-15 10:47:51,543 - Chatbot Log - ERROR - Error fetching chat messages for session 9df1afde-e140-4bba-a0f9-93cb99623898 for user MZl75nA53EeO3ZzSFbNXM8PtV3A2: 404: Chat not found
2025-05-15 10:49:59,501 - Chatbot Log - ERROR - Error fetching chat messages for session 5fa0e552-cacc-4c98-b2c4-e650c2997bff for user MZl75nA53EeO3ZzSFbNXM8PtV3A2: 404: Chat not found
2025-05-15 10:49:59,501 - Chatbot Log - ERROR - Error fetching chat messages for session 5fa0e552-cacc-4c98-b2c4-e650c2997bff for user MZl75nA53EeO3ZzSFbNXM8PtV3A2: 404: Chat not found
2025-05-15 10:49:59,501 - Chatbot Log - ERROR - Error fetching chat messages for session 5fa0e552-cacc-4c98-b2c4-e650c2997bff for user MZl75nA53EeO3ZzSFbNXM8PtV3A2: 404: Chat not found
2025-05-15 10:49:59,501 - Chatbot Log - ERROR - Error fetching chat messages for session 5fa0e552-cacc-4c98-b2c4-e650c2997bff for user MZl75nA53EeO3ZzSFbNXM8PtV3A2: 404: Chat not found
2025-05-15 10:49:59,501 - Chatbot Log - ERROR - Error fetching chat messages for session 5fa0e552-cacc-4c98-b2c4-e650c2997bff for user MZl75nA53EeO3ZzSFbNXM8PtV3A2: 404: Chat not found
2025-05-15 10:49:59,501 - Chatbot Log - ERROR - Error fetching chat messages for session 5fa0e552-cacc-4c98-b2c4-e650c2997bff for user MZl75nA53EeO3ZzSFbNXM8PtV3A2: 404: Chat not found
2025-05-15 10:49:59,501 - Chatbot Log - ERROR - Error fetching chat messages for session 5fa0e552-cacc-4c98-b2c4-e650c2997bff for user MZl75nA53EeO3ZzSFbNXM8PtV3A2: 404: Chat not found
2025-05-15 12:49:47,269 - Chatbot Log - ERROR - Error fetching chat messages for session 5fa0e552-cacc-4c98-b2c4-e650c2997bff for user 4VNN1XZquSR88N9h9PsIb07SF033: 404: Chat not found
2025-05-15 12:49:47,269 - Chatbot Log - ERROR - Error fetching chat messages for session 5fa0e552-cacc-4c98-b2c4-e650c2997bff for user 4VNN1XZquSR88N9h9PsIb07SF033: 404: Chat not found
2025-05-15 12:49:47,269 - Chatbot Log - ERROR - Error fetching chat messages for session 5fa0e552-cacc-4c98-b2c4-e650c2997bff for user 4VNN1XZquSR88N9h9PsIb07SF033: 404: Chat not found
2025-05-15 12:49:47,269 - Chatbot Log - ERROR - Error fetching chat messages for session 5fa0e552-cacc-4c98-b2c4-e650c2997bff for user 4VNN1XZquSR88N9h9PsIb07SF033: 404: Chat not found
2025-05-15 12:49:47,269 - Chatbot Log - ERROR - Error fetching chat messages for session 5fa0e552-cacc-4c98-b2c4-e650c2997bff for user 4VNN1XZquSR88N9h9PsIb07SF033: 404: Chat not found
2025-05-15 12:49:47,269 - Chatbot Log - ERROR - Error fetching chat messages for session 5fa0e552-cacc-4c98-b2c4-e650c2997bff for user 4VNN1XZquSR88N9h9PsIb07SF033: 404: Chat not found
2025-05-15 12:49:47,269 - Chatbot Log - ERROR - Error fetching chat messages for session 5fa0e552-cacc-4c98-b2c4-e650c2997bff for user 4VNN1XZquSR88N9h9PsIb07SF033: 404: Chat not found
2025-05-15 12:52:04,451 - Chatbot Log - ERROR - Error fetching chat messages for session 323bfb83-5309-4a66-ab5e-55005a35a9f6 for user 4VNN1XZquSR88N9h9PsIb07SF033: 404: Chat not found
2025-05-15 12:52:04,451 - Chatbot Log - ERROR - Error fetching chat messages for session 323bfb83-5309-4a66-ab5e-55005a35a9f6 for user 4VNN1XZquSR88N9h9PsIb07SF033: 404: Chat not found
2025-05-15 12:52:04,451 - Chatbot Log - ERROR - Error fetching chat messages for session 323bfb83-5309-4a66-ab5e-55005a35a9f6 for user 4VNN1XZquSR88N9h9PsIb07SF033: 404: Chat not found
2025-05-15 12:52:04,451 - Chatbot Log - ERROR - Error fetching chat messages for session 323bfb83-5309-4a66-ab5e-55005a35a9f6 for user 4VNN1XZquSR88N9h9PsIb07SF033: 404: Chat not found
2025-05-15 12:52:04,451 - Chatbot Log - ERROR - Error fetching chat messages for session 323bfb83-5309-4a66-ab5e-55005a35a9f6 for user 4VNN1XZquSR88N9h9PsIb07SF033: 404: Chat not found
2025-05-15 12:52:04,451 - Chatbot Log - ERROR - Error fetching chat messages for session 323bfb83-5309-4a66-ab5e-55005a35a9f6 for user 4VNN1XZquSR88N9h9PsIb07SF033: 404: Chat not found
2025-05-15 12:52:04,451 - Chatbot Log - ERROR - Error fetching chat messages for session 323bfb83-5309-4a66-ab5e-55005a35a9f6 for user 4VNN1XZquSR88N9h9PsIb07SF033: 404: Chat not found
2025-05-15 12:52:43,800 - Chatbot Log - ERROR - Error fetching chat messages for session 7c667195-417b-498c-a8c6-c7517f9a29a1 for user 4VNN1XZquSR88N9h9PsIb07SF033: 404: Chat not found
2025-05-15 12:52:43,800 - Chatbot Log - ERROR - Error fetching chat messages for session 7c667195-417b-498c-a8c6-c7517f9a29a1 for user 4VNN1XZquSR88N9h9PsIb07SF033: 404: Chat not found
2025-05-15 12:52:43,800 - Chatbot Log - ERROR - Error fetching chat messages for session 7c667195-417b-498c-a8c6-c7517f9a29a1 for user 4VNN1XZquSR88N9h9PsIb07SF033: 404: Chat not found
2025-05-15 12:52:43,800 - Chatbot Log - ERROR - Error fetching chat messages for session 7c667195-417b-498c-a8c6-c7517f9a29a1 for user 4VNN1XZquSR88N9h9PsIb07SF033: 404: Chat not found
2025-05-15 12:52:43,800 - Chatbot Log - ERROR - Error fetching chat messages for session 7c667195-417b-498c-a8c6-c7517f9a29a1 for user 4VNN1XZquSR88N9h9PsIb07SF033: 404: Chat not found
2025-05-15 12:52:43,800 - Chatbot Log - ERROR - Error fetching chat messages for session 7c667195-417b-498c-a8c6-c7517f9a29a1 for user 4VNN1XZquSR88N9h9PsIb07SF033: 404: Chat not found
2025-05-15 12:52:43,800 - Chatbot Log - ERROR - Error fetching chat messages for session 7c667195-417b-498c-a8c6-c7517f9a29a1 for user 4VNN1XZquSR88N9h9PsIb07SF033: 404: Chat not found
2025-05-15 12:53:32,567 - Chatbot Log - ERROR - Error fetching chat messages for session b9de9640-9126-48c3-ac23-ddf48a788e2f for user 4VNN1XZquSR88N9h9PsIb07SF033: 404: Chat not found
2025-05-15 12:53:32,567 - Chatbot Log - ERROR - Error fetching chat messages for session b9de9640-9126-48c3-ac23-ddf48a788e2f for user 4VNN1XZquSR88N9h9PsIb07SF033: 404: Chat not found
2025-05-15 12:53:32,567 - Chatbot Log - ERROR - Error fetching chat messages for session b9de9640-9126-48c3-ac23-ddf48a788e2f for user 4VNN1XZquSR88N9h9PsIb07SF033: 404: Chat not found
2025-05-15 12:53:32,567 - Chatbot Log - ERROR - Error fetching chat messages for session b9de9640-9126-48c3-ac23-ddf48a788e2f for user 4VNN1XZquSR88N9h9PsIb07SF033: 404: Chat not found
2025-05-15 12:53:32,567 - Chatbot Log - ERROR - Error fetching chat messages for session b9de9640-9126-48c3-ac23-ddf48a788e2f for user 4VNN1XZquSR88N9h9PsIb07SF033: 404: Chat not found
2025-05-15 12:53:32,567 - Chatbot Log - ERROR - Error fetching chat messages for session b9de9640-9126-48c3-ac23-ddf48a788e2f for user 4VNN1XZquSR88N9h9PsIb07SF033: 404: Chat not found
2025-05-15 12:53:32,567 - Chatbot Log - ERROR - Error fetching chat messages for session b9de9640-9126-48c3-ac23-ddf48a788e2f for user 4VNN1XZquSR88N9h9PsIb07SF033: 404: Chat not found
2025-05-15 12:58:36,536 - Chatbot Log - ERROR - Error fetching chat messages for session 45e558c4-4cf2-4b33-98ff-48ca069e4bfe for user MZl75nA53EeO3ZzSFbNXM8PtV3A2: 404: Chat not found
2025-05-15 12:58:36,536 - Chatbot Log - ERROR - Error fetching chat messages for session 45e558c4-4cf2-4b33-98ff-48ca069e4bfe for user MZl75nA53EeO3ZzSFbNXM8PtV3A2: 404: Chat not found
2025-05-15 12:58:36,536 - Chatbot Log - ERROR - Error fetching chat messages for session 45e558c4-4cf2-4b33-98ff-48ca069e4bfe for user MZl75nA53EeO3ZzSFbNXM8PtV3A2: 404: Chat not found
2025-05-15 12:58:36,536 - Chatbot Log - ERROR - Error fetching chat messages for session 45e558c4-4cf2-4b33-98ff-48ca069e4bfe for user MZl75nA53EeO3ZzSFbNXM8PtV3A2: 404: Chat not found
2025-05-15 12:58:36,536 - Chatbot Log - ERROR - Error fetching chat messages for session 45e558c4-4cf2-4b33-98ff-48ca069e4bfe for user MZl75nA53EeO3ZzSFbNXM8PtV3A2: 404: Chat not found
2025-05-15 12:58:36,536 - Chatbot Log - ERROR - Error fetching chat messages for session 45e558c4-4cf2-4b33-98ff-48ca069e4bfe for user MZl75nA53EeO3ZzSFbNXM8PtV3A2: 404: Chat not found
2025-05-15 12:58:36,536 - Chatbot Log - ERROR - Error fetching chat messages for session 45e558c4-4cf2-4b33-98ff-48ca069e4bfe for user MZl75nA53EeO3ZzSFbNXM8PtV3A2: 404: Chat not found
2025-05-15 13:07:41,782 - Chatbot Log - ERROR - Error fetching chat messages for session ecebc596-c228-49b8-b689-a8898368a2a8 for user 4VNN1XZquSR88N9h9PsIb07SF033: 404: Chat not found
2025-05-15 13:07:41,782 - Chatbot Log - ERROR - Error fetching chat messages for session ecebc596-c228-49b8-b689-a8898368a2a8 for user 4VNN1XZquSR88N9h9PsIb07SF033: 404: Chat not found
2025-05-15 13:07:41,782 - Chatbot Log - ERROR - Error fetching chat messages for session ecebc596-c228-49b8-b689-a8898368a2a8 for user 4VNN1XZquSR88N9h9PsIb07SF033: 404: Chat not found
2025-05-15 13:07:41,782 - Chatbot Log - ERROR - Error fetching chat messages for session ecebc596-c228-49b8-b689-a8898368a2a8 for user 4VNN1XZquSR88N9h9PsIb07SF033: 404: Chat not found
2025-05-15 13:07:41,782 - Chatbot Log - ERROR - Error fetching chat messages for session ecebc596-c228-49b8-b689-a8898368a2a8 for user 4VNN1XZquSR88N9h9PsIb07SF033: 404: Chat not found
2025-05-15 13:07:41,782 - Chatbot Log - ERROR - Error fetching chat messages for session ecebc596-c228-49b8-b689-a8898368a2a8 for user 4VNN1XZquSR88N9h9PsIb07SF033: 404: Chat not found
2025-05-15 13:07:41,782 - Chatbot Log - ERROR - Error fetching chat messages for session ecebc596-c228-49b8-b689-a8898368a2a8 for user 4VNN1XZquSR88N9h9PsIb07SF033: 404: Chat not found
2025-05-15 13:08:00,402 - Chatbot Log - ERROR - Error fetching chat messages for session 39dd3e81-252a-4b3a-b475-a830cd1b77be for user 4VNN1XZquSR88N9h9PsIb07SF033: 404: Chat not found
2025-05-15 13:08:00,402 - Chatbot Log - ERROR - Error fetching chat messages for session 39dd3e81-252a-4b3a-b475-a830cd1b77be for user 4VNN1XZquSR88N9h9PsIb07SF033: 404: Chat not found
2025-05-15 13:08:00,402 - Chatbot Log - ERROR - Error fetching chat messages for session 39dd3e81-252a-4b3a-b475-a830cd1b77be for user 4VNN1XZquSR88N9h9PsIb07SF033: 404: Chat not found
2025-05-15 13:08:00,402 - Chatbot Log - ERROR - Error fetching chat messages for session 39dd3e81-252a-4b3a-b475-a830cd1b77be for user 4VNN1XZquSR88N9h9PsIb07SF033: 404: Chat not found
2025-05-15 13:08:00,402 - Chatbot Log - ERROR - Error fetching chat messages for session 39dd3e81-252a-4b3a-b475-a830cd1b77be for user 4VNN1XZquSR88N9h9PsIb07SF033: 404: Chat not found
2025-05-15 13:08:00,402 - Chatbot Log - ERROR - Error fetching chat messages for session 39dd3e81-252a-4b3a-b475-a830cd1b77be for user 4VNN1XZquSR88N9h9PsIb07SF033: 404: Chat not found
2025-05-15 13:08:00,402 - Chatbot Log - ERROR - Error fetching chat messages for session 39dd3e81-252a-4b3a-b475-a830cd1b77be for user 4VNN1XZquSR88N9h9PsIb07SF033: 404: Chat not found
2025-05-15 13:08:18,361 - Chatbot Log - ERROR - Error fetching chat messages for session df80702e-0a37-4828-bb49-5d7c5dabac0a for user 4VNN1XZquSR88N9h9PsIb07SF033: 404: Chat not found
2025-05-15 13:08:18,361 - Chatbot Log - ERROR - Error fetching chat messages for session df80702e-0a37-4828-bb49-5d7c5dabac0a for user 4VNN1XZquSR88N9h9PsIb07SF033: 404: Chat not found
2025-05-15 13:08:18,361 - Chatbot Log - ERROR - Error fetching chat messages for session df80702e-0a37-4828-bb49-5d7c5dabac0a for user 4VNN1XZquSR88N9h9PsIb07SF033: 404: Chat not found
2025-05-15 13:08:18,361 - Chatbot Log - ERROR - Error fetching chat messages for session df80702e-0a37-4828-bb49-5d7c5dabac0a for user 4VNN1XZquSR88N9h9PsIb07SF033: 404: Chat not found
2025-05-15 13:08:18,361 - Chatbot Log - ERROR - Error fetching chat messages for session df80702e-0a37-4828-bb49-5d7c5dabac0a for user 4VNN1XZquSR88N9h9PsIb07SF033: 404: Chat not found
2025-05-15 13:08:18,361 - Chatbot Log - ERROR - Error fetching chat messages for session df80702e-0a37-4828-bb49-5d7c5dabac0a for user 4VNN1XZquSR88N9h9PsIb07SF033: 404: Chat not found
2025-05-15 13:08:18,361 - Chatbot Log - ERROR - Error fetching chat messages for session df80702e-0a37-4828-bb49-5d7c5dabac0a for user 4VNN1XZquSR88N9h9PsIb07SF033: 404: Chat not found
2025-05-15 13:08:39,808 - Chatbot Log - ERROR - Error fetching chat messages for session 997e8fb6-cb87-4966-b958-d0bf93b97470 for user 4VNN1XZquSR88N9h9PsIb07SF033: 404: Chat not found
2025-05-15 13:08:39,808 - Chatbot Log - ERROR - Error fetching chat messages for session 997e8fb6-cb87-4966-b958-d0bf93b97470 for user 4VNN1XZquSR88N9h9PsIb07SF033: 404: Chat not found
2025-05-15 13:08:39,808 - Chatbot Log - ERROR - Error fetching chat messages for session 997e8fb6-cb87-4966-b958-d0bf93b97470 for user 4VNN1XZquSR88N9h9PsIb07SF033: 404: Chat not found
2025-05-15 13:08:39,808 - Chatbot Log - ERROR - Error fetching chat messages for session 997e8fb6-cb87-4966-b958-d0bf93b97470 for user 4VNN1XZquSR88N9h9PsIb07SF033: 404: Chat not found
2025-05-15 13:08:39,808 - Chatbot Log - ERROR - Error fetching chat messages for session 997e8fb6-cb87-4966-b958-d0bf93b97470 for user 4VNN1XZquSR88N9h9PsIb07SF033: 404: Chat not found
2025-05-15 13:08:39,808 - Chatbot Log - ERROR - Error fetching chat messages for session 997e8fb6-cb87-4966-b958-d0bf93b97470 for user 4VNN1XZquSR88N9h9PsIb07SF033: 404: Chat not found
2025-05-15 13:08:39,808 - Chatbot Log - ERROR - Error fetching chat messages for session 997e8fb6-cb87-4966-b958-d0bf93b97470 for user 4VNN1XZquSR88N9h9PsIb07SF033: 404: Chat not found
2025-05-15 13:11:19,626 - Chatbot Log - ERROR - Error fetching chat messages for session 4cccbb85-84a6-4866-b51f-5649aaf5414f for user 4VNN1XZquSR88N9h9PsIb07SF033: 404: Chat not found
2025-05-15 13:11:19,626 - Chatbot Log - ERROR - Error fetching chat messages for session 4cccbb85-84a6-4866-b51f-5649aaf5414f for user 4VNN1XZquSR88N9h9PsIb07SF033: 404: Chat not found
2025-05-15 13:11:19,626 - Chatbot Log - ERROR - Error fetching chat messages for session 4cccbb85-84a6-4866-b51f-5649aaf5414f for user 4VNN1XZquSR88N9h9PsIb07SF033: 404: Chat not found
2025-05-15 13:11:19,626 - Chatbot Log - ERROR - Error fetching chat messages for session 4cccbb85-84a6-4866-b51f-5649aaf5414f for user 4VNN1XZquSR88N9h9PsIb07SF033: 404: Chat not found
2025-05-15 13:11:19,626 - Chatbot Log - ERROR - Error fetching chat messages for session 4cccbb85-84a6-4866-b51f-5649aaf5414f for user 4VNN1XZquSR88N9h9PsIb07SF033: 404: Chat not found
2025-05-15 13:11:19,626 - Chatbot Log - ERROR - Error fetching chat messages for session 4cccbb85-84a6-4866-b51f-5649aaf5414f for user 4VNN1XZquSR88N9h9PsIb07SF033: 404: Chat not found
2025-05-15 13:11:19,626 - Chatbot Log - ERROR - Error fetching chat messages for session 4cccbb85-84a6-4866-b51f-5649aaf5414f for user 4VNN1XZquSR88N9h9PsIb07SF033: 404: Chat not found
2025-05-15 13:18:34,245 - Chatbot Log - ERROR - Error fetching chat messages for session 99071ee7-a7e6-4b51-9795-7c6f993ff395 for user IozHszTlCVejumiorbR2UnP9srL2: 404: Chat not found
2025-05-15 13:18:34,245 - Chatbot Log - ERROR - Error fetching chat messages for session 99071ee7-a7e6-4b51-9795-7c6f993ff395 for user IozHszTlCVejumiorbR2UnP9srL2: 404: Chat not found
2025-05-15 13:18:34,245 - Chatbot Log - ERROR - Error fetching chat messages for session 99071ee7-a7e6-4b51-9795-7c6f993ff395 for user IozHszTlCVejumiorbR2UnP9srL2: 404: Chat not found
2025-05-15 13:18:34,245 - Chatbot Log - ERROR - Error fetching chat messages for session 99071ee7-a7e6-4b51-9795-7c6f993ff395 for user IozHszTlCVejumiorbR2UnP9srL2: 404: Chat not found
2025-05-15 13:18:34,245 - Chatbot Log - ERROR - Error fetching chat messages for session 99071ee7-a7e6-4b51-9795-7c6f993ff395 for user IozHszTlCVejumiorbR2UnP9srL2: 404: Chat not found
2025-05-15 13:18:34,245 - Chatbot Log - ERROR - Error fetching chat messages for session 99071ee7-a7e6-4b51-9795-7c6f993ff395 for user IozHszTlCVejumiorbR2UnP9srL2: 404: Chat not found
2025-05-15 13:18:34,245 - Chatbot Log - ERROR - Error fetching chat messages for session 99071ee7-a7e6-4b51-9795-7c6f993ff395 for user IozHszTlCVejumiorbR2UnP9srL2: 404: Chat not found
2025-05-15 13:49:57,577 - Chatbot Log - ERROR - Error fetching chat messages for session 704c217c-3f34-4963-a307-5ceb4e66dcbf for user IozHszTlCVejumiorbR2UnP9srL2: 404: Chat not found
2025-05-15 13:49:57,577 - Chatbot Log - ERROR - Error fetching chat messages for session 704c217c-3f34-4963-a307-5ceb4e66dcbf for user IozHszTlCVejumiorbR2UnP9srL2: 404: Chat not found
2025-05-15 13:49:57,577 - Chatbot Log - ERROR - Error fetching chat messages for session 704c217c-3f34-4963-a307-5ceb4e66dcbf for user IozHszTlCVejumiorbR2UnP9srL2: 404: Chat not found
2025-05-15 13:49:57,577 - Chatbot Log - ERROR - Error fetching chat messages for session 704c217c-3f34-4963-a307-5ceb4e66dcbf for user IozHszTlCVejumiorbR2UnP9srL2: 404: Chat not found
2025-05-15 13:49:57,577 - Chatbot Log - ERROR - Error fetching chat messages for session 704c217c-3f34-4963-a307-5ceb4e66dcbf for user IozHszTlCVejumiorbR2UnP9srL2: 404: Chat not found
2025-05-15 13:49:57,577 - Chatbot Log - ERROR - Error fetching chat messages for session 704c217c-3f34-4963-a307-5ceb4e66dcbf for user IozHszTlCVejumiorbR2UnP9srL2: 404: Chat not found
2025-05-15 13:49:57,577 - Chatbot Log - ERROR - Error fetching chat messages for session 704c217c-3f34-4963-a307-5ceb4e66dcbf for user IozHszTlCVejumiorbR2UnP9srL2: 404: Chat not found
